#
# There is insufficient memory for the Java Runtime Environment to continue.
# Native memory allocation (mmap) failed to map 15728640 bytes for committing reserved memory.
# Possible reasons:
#   The system is out of physical RAM or swap space
#   In 32 bit mode, the process size limit was hit
# Possible solutions:
#   Reduce memory load on the system
#   Increase physical memory or swap space
#   Check if swap backing store is full
#   Use 64 bit Java on a 64 bit OS
#   Decrease Java heap size (-Xmx/-Xms)
#   Decrease number of Java threads
#   Decrease Java thread stack sizes (-Xss)
#   Set larger code cache with -XX:ReservedCodeCacheSize=
# This output file may be truncated or incomplete.
#
#  Out of Memory Error (os_linux.cpp:2640), pid=4074, tid=0x00007fa6e1126700
#
# JRE version: Java(TM) SE Runtime Environment (8.0_161-b12) (build 1.8.0_161-b12)
# Java VM: Java HotSpot(TM) 64-Bit Server VM (25.161-b12 mixed mode linux-amd64 compressed oops)
# Failed to write core dump. Core dumps have been disabled. To enable core dumping, try "ulimit -c unlimited" before starting Java again
#

---------------  T H R E A D  ---------------

Current thread (0x00007fa6f8074000):  VMThread [stack: 0x00007fa6e1026000,0x00007fa6e1127000] [id=4081]

Stack: [0x00007fa6e1026000,0x00007fa6e1127000],  sp=0x00007fa6e1125320,  free space=1020k
Native frames: (J=compiled Java code, j=interpreted, Vv=VM code, C=native code)
V  [libjvm.so+0xacf94a]  VMError::report_and_die()+0x2ba
V  [libjvm.so+0x50050b]  report_vm_out_of_memory(char const*, int, unsigned long, VMErrorType, char const*)+0x8b
V  [libjvm.so+0x92b133]  os::Linux::commit_memory_impl(char*, unsigned long, bool)+0x103
V  [libjvm.so+0x92b5c9]  os::pd_commit_memory(char*, unsigned long, unsigned long, bool)+0x29
V  [libjvm.so+0x924c0a]  os::commit_memory(char*, unsigned long, unsigned long, bool)+0x2a
V  [libjvm.so+0x99ab53]  PSVirtualSpace::expand_by(unsigned long)+0x53
V  [libjvm.so+0x99bf58]  PSYoungGen::resize_generation(unsigned long, unsigned long)+0xf8
V  [libjvm.so+0x99b0b2]  PSYoungGen::resize(unsigned long, unsigned long)+0x22
V  [libjvm.so+0x99838b]  PSScavenge::invoke_no_policy()+0xf3b
V  [libjvm.so+0x998b11]  PSScavenge::invoke()+0x41
V  [libjvm.so+0x94f5a0]  ParallelScavengeHeap::failed_mem_allocate(unsigned long)+0x70
V  [libjvm.so+0xad13c7]  VM_ParallelGCFailedAllocation::doit()+0x97
V  [libjvm.so+0xad8ed5]  VM_Operation::evaluate()+0x55
V  [libjvm.so+0xad729a]  VMThread::evaluate_operation(VM_Operation*)+0xba
V  [libjvm.so+0xad761e]  VMThread::loop()+0x1ce
V  [libjvm.so+0xad7a90]  VMThread::run()+0x70
V  [libjvm.so+0x92da28]  java_start(Thread*)+0x108

VM_Operation (0x00007fa69bc05f90): ParallelGCFailedAllocation, mode: safepoint, requested by thread 0x00007fa6a0199800


---------------  P R O C E S S  ---------------

Java Threads: ( => current thread )
  0x00007fa6a019b800 JavaThread "Thread-7" [_thread_in_native, id=4105, stack(0x00007fa69ba06000,0x00007fa69bb07000)]
  0x00007fa6a0199800 JavaThread "Thread-6" [_thread_blocked, id=4101, stack(0x00007fa69bb07000,0x00007fa69bc08000)]
  0x00007fa6a01c2000 JavaThread "Prism Font Disposer" daemon [_thread_blocked, id=4096, stack(0x00007fa69c7e3000,0x00007fa69c8e4000)]
  0x00007fa6a00ee800 JavaThread "Thread-3" [_thread_blocked, id=4095, stack(0x00007fa69c6e2000,0x00007fa69c7e3000)]
  0x00007fa6a00db000 JavaThread "Thread-4" [_thread_blocked, id=4093, stack(0x00007fa69c8e4000,0x00007fa69c9e5000)]
  0x00007fa6f826d000 JavaThread "JavaFX-Launcher" [_thread_blocked, id=4092, stack(0x00007fa6ac569000,0x00007fa6ac66a000)]
  0x00007fa6f8269000 JavaThread "JavaFX Application Thread" [_thread_blocked, id=4091, stack(0x00007fa6ac66a000,0x00007fa6ac76b000)]
  0x00007fa6f8265000 JavaThread "Thread-1" daemon [_thread_blocked, id=4090, stack(0x00007fa6ac76b000,0x00007fa6ac86c000)]
  0x00007fa6f81a5000 JavaThread "QuantumRenderer-0" daemon [_thread_blocked, id=4089, stack(0x00007fa6e05ed000,0x00007fa6e06ee000)]
  0x00007fa6f80cd000 JavaThread "Service Thread" daemon [_thread_blocked, id=4087, stack(0x00007fa6e0885000,0x00007fa6e0986000)]
  0x00007fa6f80b8000 JavaThread "C1 CompilerThread1" daemon [_thread_blocked, id=4086, stack(0x00007fa6e0986000,0x00007fa6e0a87000)]
  0x00007fa6f80b5000 JavaThread "C2 CompilerThread0" daemon [_thread_blocked, id=4085, stack(0x00007fa6e0a87000,0x00007fa6e0b88000)]
  0x00007fa6f80b3800 JavaThread "Signal Dispatcher" daemon [_thread_blocked, id=4084, stack(0x00007fa6e0b88000,0x00007fa6e0c89000)]
  0x00007fa6f8080800 JavaThread "Finalizer" daemon [_thread_blocked, id=4083, stack(0x00007fa6e0e24000,0x00007fa6e0f25000)]
  0x00007fa6f807b800 JavaThread "Reference Handler" daemon [_thread_blocked, id=4082, stack(0x00007fa6e0f25000,0x00007fa6e1026000)]
  0x00007fa6f800a800 JavaThread "main" [_thread_blocked, id=4076, stack(0x00007fa6febfc000,0x00007fa6fecfd000)]

Other Threads:
=>0x00007fa6f8074000 VMThread [stack: 0x00007fa6e1026000,0x00007fa6e1127000] [id=4081]
  0x00007fa6f80d2000 WatcherThread [stack: 0x00007fa6e0784000,0x00007fa6e0885000] [id=4088]

VM state:at safepoint (normal execution)

VM Mutex/Monitor currently owned by a thread:  ([mutex/lock_event])
[0x00007fa6f8006b10] Threads_lock - owner thread: 0x00007fa6f8074000
[0x00007fa6f8007010] Heap_lock - owner thread: 0x00007fa6a0199800

Heap:
 PSYoungGen      total 17920K, used 2545K [0x00000000ec200000, 0x00000000ed600000, 0x0000000100000000)
  eden space 15360K, 0% used [0x00000000ec200000,0x00000000ec200000,0x00000000ed100000)
  from space 2560K, 99% used [0x00000000ed380000,0x00000000ed5fc5d8,0x00000000ed600000)
  to   space 2560K, 0% used [0x00000000ed100000,0x00000000ed100000,0x00000000ed380000)
 ParOldGen       total 40960K, used 2143K [0x00000000c4600000, 0x00000000c6e00000, 0x00000000ec200000)
  object space 40960K, 5% used [0x00000000c4600000,0x00000000c4817c40,0x00000000c6e00000)
 Metaspace       used 12725K, capacity 13242K, committed 13440K, reserved 1060864K
  class space    used 1706K, capacity 1871K, committed 1920K, reserved 1048576K

Card table byte_map: [0x00007fa6e8634000,0x00007fa6e8812000] byte_map_base: 0x00007fa6e8011000

Marking Bits: (ParMarkBitMap*) 0x00007fa6fe0f5920
 Begin Bits: [0x00007fa6e2230000, 0x00007fa6e3118000)
 End Bits:   [0x00007fa6e3118000, 0x00007fa6e4000000)

Polling page: 0x00007fa6fed18000

CodeCache: size=245760Kb used=3946Kb max_used=3946Kb free=241813Kb
 bounds [0x00007fa6e8bd2000, 0x00007fa6e8fb2000, 0x00007fa6f7bd2000]
 total_blobs=1618 nmethods=1023 adapters=509
 compilation: enabled

Compilation events (10 events):
Event: 70.751 Thread 0x00007fa6f80b8000 nmethod 1033 0x00007fa6e8fa1f90 code [0x00007fa6e8fa2160, 0x00007fa6e8fa2650]
Event: 70.751 Thread 0x00007fa6f80b8000 1035       3       com.sun.javafx.geom.Point2D::toString (40 bytes)
Event: 70.756 Thread 0x00007fa6f80b8000 nmethod 1035 0x00007fa6e8fa26d0 code [0x00007fa6e8fa2920, 0x00007fa6e8fa3678]
Event: 70.756 Thread 0x00007fa6f80b8000 1030       3       model.Plane::toString (148 bytes)
Event: 70.768 Thread 0x00007fa6f80b8000 nmethod 1030 0x00007fa6e8fa3c90 code [0x00007fa6e8fa4100, 0x00007fa6e8fa6a28]
Event: 70.768 Thread 0x00007fa6f80b8000 1039       3       sun.nio.cs.UTF_8$Encoder::encodeArrayLoop (489 bytes)
Event: 70.784 Thread 0x00007fa6f80b8000 nmethod 1039 0x00007fa6e8fa7b90 code [0x00007fa6e8fa8100, 0x00007fa6e8fab768]
Event: 70.784 Thread 0x00007fa6f80b8000 1034       3       java.io.BufferedOutputStream::flushBuffer (29 bytes)
Event: 70.785 Thread 0x00007fa6f80b8000 nmethod 1034 0x00007fa6e8fadc50 code [0x00007fa6e8faddc0, 0x00007fa6e8fae028]
Event: 70.785 Thread 0x00007fa6f80b8000 1036       3       java.io.PrintStream::ensureOpen (18 bytes)

GC Heap History (3 events):
Event: 5.025 GC heap before
{Heap before GC invocations=1 (full 0):
 PSYoungGen      total 17920K, used 15360K [0x00000000ec200000, 0x00000000ed600000, 0x0000000100000000)
  eden space 15360K, 100% used [0x00000000ec200000,0x00000000ed100000,0x00000000ed100000)
  from space 2560K, 0% used [0x00000000ed380000,0x00000000ed380000,0x00000000ed600000)
  to   space 2560K, 0% used [0x00000000ed100000,0x00000000ed100000,0x00000000ed380000)
 ParOldGen       total 40960K, used 0K [0x00000000c4600000, 0x00000000c6e00000, 0x00000000ec200000)
  object space 40960K, 0% used [0x00000000c4600000,0x00000000c4600000,0x00000000c6e00000)
 Metaspace       used 9487K, capacity 9880K, committed 10112K, reserved 1058816K
  class space    used 1221K, capacity 1344K, committed 1408K, reserved 1048576K
Event: 5.068 GC heap after
Heap after GC invocations=1 (full 0):
 PSYoungGen      total 17920K, used 2544K [0x00000000ec200000, 0x00000000ed600000, 0x0000000100000000)
  eden space 15360K, 0% used [0x00000000ec200000,0x00000000ec200000,0x00000000ed100000)
  from space 2560K, 99% used [0x00000000ed100000,0x00000000ed37c230,0x00000000ed380000)
  to   space 2560K, 0% used [0x00000000ed380000,0x00000000ed380000,0x00000000ed600000)
 ParOldGen       total 40960K, used 51K [0x00000000c4600000, 0x00000000c6e00000, 0x00000000ec200000)
  object space 40960K, 0% used [0x00000000c4600000,0x00000000c460cdc0,0x00000000c6e00000)
 Metaspace       used 9487K, capacity 9880K, committed 10112K, reserved 1058816K
  class space    used 1221K, capacity 1344K, committed 1408K, reserved 1048576K
}
Event: 70.842 GC heap before
{Heap before GC invocations=2 (full 0):
 PSYoungGen      total 17920K, used 17904K [0x00000000ec200000, 0x00000000ed600000, 0x0000000100000000)
  eden space 15360K, 100% used [0x00000000ec200000,0x00000000ed100000,0x00000000ed100000)
  from space 2560K, 99% used [0x00000000ed100000,0x00000000ed37c230,0x00000000ed380000)
  to   space 2560K, 0% used [0x00000000ed380000,0x00000000ed380000,0x00000000ed600000)
 ParOldGen       total 40960K, used 51K [0x00000000c4600000, 0x00000000c6e00000, 0x00000000ec200000)
  object space 40960K, 0% used [0x00000000c4600000,0x00000000c460cdc0,0x00000000c6e00000)
 Metaspace       used 12725K, capacity 13242K, committed 13440K, reserved 1060864K
  class space    used 1706K, capacity 1871K, committed 1920K, reserved 1048576K

Deoptimization events (9 events):
Event: 3.698 Thread 0x00007fa6f8269000 Uncommon trap: reason=unstable_if action=reinterpret pc=0x00007fa6e8d83f84 method=java.lang.String.replace(CC)Ljava/lang/String; @ 2
Event: 4.027 Thread 0x00007fa6f8269000 Uncommon trap: reason=unstable_if action=reinterpret pc=0x00007fa6e8daa23c method=java.lang.String.indexOf([CII[CIII)I @ 134
Event: 4.399 Thread 0x00007fa6f8269000 Uncommon trap: reason=unstable_if action=reinterpret pc=0x00007fa6e8e3548c method=java.util.HashMap.getNode(ILjava/lang/Object;)Ljava/util/HashMap$Node; @ 84
Event: 5.811 Thread 0x00007fa6f8269000 Uncommon trap: reason=class_check action=maybe_recompile pc=0x00007fa6e8e2d2b4 method=java.io.DataInputStream.readShort()S @ 4
Event: 5.812 Thread 0x00007fa6f8269000 Uncommon trap: reason=class_check action=maybe_recompile pc=0x00007fa6e8e2d2b4 method=java.io.DataInputStream.readShort()S @ 4
Event: 5.815 Thread 0x00007fa6f8269000 Uncommon trap: reason=class_check action=maybe_recompile pc=0x00007fa6e8e2d2b4 method=java.io.DataInputStream.readShort()S @ 4
Event: 5.815 Thread 0x00007fa6f8269000 Uncommon trap: reason=class_check action=maybe_recompile pc=0x00007fa6e8e2d2b4 method=java.io.DataInputStream.readShort()S @ 4
Event: 14.037 Thread 0x00007fa6a00ee800 Uncommon trap: reason=predicate action=maybe_recompile pc=0x00007fa6e8e85510 method=sun.net.www.ParseUtil.encodePath(Ljava/lang/String;Z)Ljava/lang/String; @ 36
Event: 14.446 Thread 0x00007fa6a0199800 Uncommon trap: reason=unstable_if action=reinterpret pc=0x00007fa6e8de4b6c method=java.lang.AbstractStringBuilder.append(Ljava/lang/String;)Ljava/lang/AbstractStringBuilder; @ 1

Classes redefined (0 events):
No events

Internal exceptions (10 events):
Event: 66.208 Thread 0x00007fa6a00ee800 Exception <a 'java/net/SocketTimeoutException': Receive timed out> (0x00000000ec227920) thrown at [/HUDSON/workspace/8-2-build-linux-amd64/jdk8u161/10277/hotspot/src/share/vm/prims/jni.cpp, line 735]
Event: 66.208 Thread 0x00007fa6a00db000 Exception <a 'java/net/SocketTimeoutException': Accept timed out> (0x00000000ec6f7df0) thrown at [/HUDSON/workspace/8-2-build-linux-amd64/jdk8u161/10277/hotspot/src/share/vm/prims/jni.cpp, line 735]
Event: 67.209 Thread 0x00007fa6a00ee800 Exception <a 'java/net/SocketTimeoutException': Receive timed out> (0x00000000ec227cb8) thrown at [/HUDSON/workspace/8-2-build-linux-amd64/jdk8u161/10277/hotspot/src/share/vm/prims/jni.cpp, line 735]
Event: 67.209 Thread 0x00007fa6a00db000 Exception <a 'java/net/SocketTimeoutException': Accept timed out> (0x00000000ec6f8188) thrown at [/HUDSON/workspace/8-2-build-linux-amd64/jdk8u161/10277/hotspot/src/share/vm/prims/jni.cpp, line 735]
Event: 68.210 Thread 0x00007fa6a00ee800 Exception <a 'java/net/SocketTimeoutException': Receive timed out> (0x00000000ec228050) thrown at [/HUDSON/workspace/8-2-build-linux-amd64/jdk8u161/10277/hotspot/src/share/vm/prims/jni.cpp, line 735]
Event: 68.210 Thread 0x00007fa6a00db000 Exception <a 'java/net/SocketTimeoutException': Accept timed out> (0x00000000ec6f8520) thrown at [/HUDSON/workspace/8-2-build-linux-amd64/jdk8u161/10277/hotspot/src/share/vm/prims/jni.cpp, line 735]
Event: 69.211 Thread 0x00007fa6a00db000 Exception <a 'java/net/SocketTimeoutException': Accept timed out> (0x00000000ec6f88b8) thrown at [/HUDSON/workspace/8-2-build-linux-amd64/jdk8u161/10277/hotspot/src/share/vm/prims/jni.cpp, line 735]
Event: 69.211 Thread 0x00007fa6a00ee800 Exception <a 'java/net/SocketTimeoutException': Receive timed out> (0x00000000ec2283e8) thrown at [/HUDSON/workspace/8-2-build-linux-amd64/jdk8u161/10277/hotspot/src/share/vm/prims/jni.cpp, line 735]
Event: 70.212 Thread 0x00007fa6a00ee800 Exception <a 'java/net/SocketTimeoutException': Receive timed out> (0x00000000ec228780) thrown at [/HUDSON/workspace/8-2-build-linux-amd64/jdk8u161/10277/hotspot/src/share/vm/prims/jni.cpp, line 735]
Event: 70.212 Thread 0x00007fa6a00db000 Exception <a 'java/net/SocketTimeoutException': Accept timed out> (0x00000000ec6f8c50) thrown at [/HUDSON/workspace/8-2-build-linux-amd64/jdk8u161/10277/hotspot/src/share/vm/prims/jni.cpp, line 735]

Events (10 events):
Event: 53.930 Executing VM operation: RevokeBias done
Event: 53.930 Executing VM operation: RevokeBias
Event: 53.936 Executing VM operation: RevokeBias done
Event: 53.946 Executing VM operation: RevokeBias
Event: 53.946 Executing VM operation: RevokeBias done
Event: 53.947 Executing VM operation: RevokeBias
Event: 53.997 Executing VM operation: RevokeBias done
Event: 54.034 Executing VM operation: RevokeBias
Event: 54.034 Executing VM operation: RevokeBias done
Event: 70.832 Executing VM operation: ParallelGCFailedAllocation


Dynamic libraries:
00400000-00401000 r-xp 00000000 08:06 1187398                            /usr/local/jdk1.8.0_161/bin/java
00600000-00601000 rw-p 00000000 08:06 1187398                            /usr/local/jdk1.8.0_161/bin/java
017b3000-017d4000 rw-p 00000000 00:00 0                                  [heap]
c4600000-c6e00000 rw-p 00000000 00:00 0 
c6e00000-ec200000 ---p 00000000 00:00 0 
ec200000-ed600000 rw-p 00000000 00:00 0 
ee500000-100000000 ---p 00000000 00:00 0 
100000000-1001e0000 rw-p 00000000 00:00 0 
1001e0000-140000000 ---p 00000000 00:00 0 
7fa69ba06000-7fa69ba09000 ---p 00000000 00:00 0 
7fa69ba09000-7fa69bb07000 rw-p 00000000 00:00 0 
7fa69bb07000-7fa69bb0a000 ---p 00000000 00:00 0 
7fa69bb0a000-7fa69bc08000 rw-p 00000000 00:00 0 
7fa69bc08000-7fa69bd88000 rw-s 00000000 00:05 85837                      /drm mm object (deleted)
7fa69bd88000-7fa69bd98000 rw-s 00000000 00:05 85840                      /drm mm object (deleted)
7fa69bd98000-7fa69bda0000 rw-s 00000000 00:05 85839                      /drm mm object (deleted)
7fa69bda0000-7fa69bf20000 rw-s 1053d8000 00:06 12521                     /dev/dri/card0
7fa69bf20000-7fa69c060000 rw-p 00000000 00:00 0 
7fa69c060000-7fa69c120000 ---p 00000000 00:00 0 
7fa69c120000-7fa69c1d9000 r--p 00000000 08:06 1573448                    /usr/share/fonts/truetype/dejavu/DejaVuSans.ttf
7fa69c1d9000-7fa69c22e000 r--p 00000000 08:06 1187263                    /usr/local/jdk1.8.0_161/jre/lib/fonts/LucidaBrightRegular.ttf
7fa69c22e000-7fa69c2d9000 r--p 00000000 08:06 1187268                    /usr/local/jdk1.8.0_161/jre/lib/fonts/LucidaSansRegular.ttf
7fa69c2d9000-7fa69c2dd000 r-xp 00000000 08:06 1187262                    /usr/local/jdk1.8.0_161/jre/lib/amd64/libjavafx_font_pango.so
7fa69c2dd000-7fa69c4dc000 ---p 00004000 08:06 1187262                    /usr/local/jdk1.8.0_161/jre/lib/amd64/libjavafx_font_pango.so
7fa69c4dc000-7fa69c4dd000 rw-p 00003000 08:06 1187262                    /usr/local/jdk1.8.0_161/jre/lib/amd64/libjavafx_font_pango.so
7fa69c4dd000-7fa69c4e2000 r-xp 00000000 08:06 1187256                    /usr/local/jdk1.8.0_161/jre/lib/amd64/libjavafx_font_freetype.so
7fa69c4e2000-7fa69c6e1000 ---p 00005000 08:06 1187256                    /usr/local/jdk1.8.0_161/jre/lib/amd64/libjavafx_font_freetype.so
7fa69c6e1000-7fa69c6e2000 rw-p 00004000 08:06 1187256                    /usr/local/jdk1.8.0_161/jre/lib/amd64/libjavafx_font_freetype.so
7fa69c6e2000-7fa69c6e5000 ---p 00000000 00:00 0 
7fa69c6e5000-7fa69c7e3000 rw-p 00000000 00:00 0 
7fa69c7e3000-7fa69c7e6000 ---p 00000000 00:00 0 
7fa69c7e6000-7fa69c8e4000 rw-p 00000000 00:00 0 
7fa69c8e4000-7fa69c8e7000 ---p 00000000 00:00 0 
7fa69c8e7000-7fa69f9e6000 rw-p 00000000 00:00 0 
7fa69f9e6000-7fa69f9fc000 r-xp 00000000 08:06 1187345                    /usr/local/jdk1.8.0_161/jre/lib/amd64/libnet.so
7fa69f9fc000-7fa69fbfc000 ---p 00016000 08:06 1187345                    /usr/local/jdk1.8.0_161/jre/lib/amd64/libnet.so
7fa69fbfc000-7fa69fbfd000 rw-p 00016000 08:06 1187345                    /usr/local/jdk1.8.0_161/jre/lib/amd64/libnet.so
7fa69fbfd000-7fa69fdfd000 rw-p 00000000 00:00 0 
7fa69fdfd000-7fa69fe00000 r-xp 00000000 08:06 1187280                    /usr/local/jdk1.8.0_161/jre/lib/amd64/libjavafx_font.so
7fa69fe00000-7fa69ffff000 ---p 00003000 08:06 1187280                    /usr/local/jdk1.8.0_161/jre/lib/amd64/libjavafx_font.so
7fa69ffff000-7fa6a0000000 rw-p 00002000 08:06 1187280                    /usr/local/jdk1.8.0_161/jre/lib/amd64/libjavafx_font.so
7fa6a0000000-7fa6a028b000 rw-p 00000000 00:00 0 
7fa6a028b000-7fa6a4000000 ---p 00000000 00:00 0 
7fa6a4000000-7fa6a4021000 rw-p 00000000 00:00 0 
7fa6a4021000-7fa6a8000000 ---p 00000000 00:00 0 
7fa6a8000000-7fa6a8021000 rw-p 00000000 00:00 0 
7fa6a8021000-7fa6ac000000 ---p 00000000 00:00 0 
7fa6ac002000-7fa6ac03e000 r--p 00000000 08:06 1187253                    /usr/local/jdk1.8.0_161/jre/lib/fonts/LucidaTypewriterRegular.ttf
7fa6ac03e000-7fa6ac092000 r-xp 00000000 08:06 1187302                    /usr/local/jdk1.8.0_161/jre/lib/amd64/libawt_xawt.so
7fa6ac092000-7fa6ac292000 ---p 00054000 08:06 1187302                    /usr/local/jdk1.8.0_161/jre/lib/amd64/libawt_xawt.so
7fa6ac292000-7fa6ac296000 rw-p 00054000 08:06 1187302                    /usr/local/jdk1.8.0_161/jre/lib/amd64/libawt_xawt.so
7fa6ac296000-7fa6ac297000 rw-p 00000000 00:00 0 
7fa6ac297000-7fa6ac339000 r-xp 00000000 08:06 1187347                    /usr/local/jdk1.8.0_161/jre/lib/amd64/libawt.so
7fa6ac339000-7fa6ac539000 ---p 000a2000 08:06 1187347                    /usr/local/jdk1.8.0_161/jre/lib/amd64/libawt.so
7fa6ac539000-7fa6ac545000 rw-p 000a2000 08:06 1187347                    /usr/local/jdk1.8.0_161/jre/lib/amd64/libawt.so
7fa6ac545000-7fa6ac569000 rw-p 00000000 00:00 0 
7fa6ac569000-7fa6ac56c000 ---p 00000000 00:00 0 
7fa6ac56c000-7fa6ac66a000 rw-p 00000000 00:00 0 
7fa6ac66a000-7fa6ac66d000 ---p 00000000 00:00 0 
7fa6ac66d000-7fa6ac76b000 rw-p 00000000 00:00 0 
7fa6ac76b000-7fa6ac76e000 ---p 00000000 00:00 0 
7fa6ac76e000-7fa6ac86c000 rw-p 00000000 00:00 0 
7fa6ac86c000-7fa6ac873000 r-xp 00000000 08:06 1057504                    /usr/lib/x86_64-linux-gnu/libogg.so.0.8.2
7fa6ac873000-7fa6aca73000 ---p 00007000 08:06 1057504                    /usr/lib/x86_64-linux-gnu/libogg.so.0.8.2
7fa6aca73000-7fa6aca74000 r--p 00007000 08:06 1057504                    /usr/lib/x86_64-linux-gnu/libogg.so.0.8.2
7fa6aca74000-7fa6aca75000 rw-p 00008000 08:06 1057504                    /usr/lib/x86_64-linux-gnu/libogg.so.0.8.2
7fa6aca75000-7fa6acaa0000 r-xp 00000000 08:06 1059349                    /usr/lib/x86_64-linux-gnu/libvorbis.so.0.4.8
7fa6acaa0000-7fa6acc9f000 ---p 0002b000 08:06 1059349                    /usr/lib/x86_64-linux-gnu/libvorbis.so.0.4.8
7fa6acc9f000-7fa6acca0000 r--p 0002a000 08:06 1059349                    /usr/lib/x86_64-linux-gnu/libvorbis.so.0.4.8
7fa6acca0000-7fa6acca1000 rw-p 0002b000 08:06 1059349                    /usr/lib/x86_64-linux-gnu/libvorbis.so.0.4.8
7fa6acca1000-7fa6accaa000 r-xp 00000000 08:06 1057188                    /usr/lib/x86_64-linux-gnu/libltdl.so.7.3.1
7fa6accaa000-7fa6acea9000 ---p 00009000 08:06 1057188                    /usr/lib/x86_64-linux-gnu/libltdl.so.7.3.1
7fa6acea9000-7fa6aceaa000 r--p 00008000 08:06 1057188                    /usr/lib/x86_64-linux-gnu/libltdl.so.7.3.1
7fa6aceaa000-7fa6aceab000 rw-p 00009000 08:06 1057188                    /usr/lib/x86_64-linux-gnu/libltdl.so.7.3.1
7fa6aceab000-7fa6acec0000 r-xp 00000000 08:06 1059578                    /usr/lib/x86_64-linux-gnu/libtdb.so.1.3.11
7fa6acec0000-7fa6ad0bf000 ---p 00015000 08:06 1059578                    /usr/lib/x86_64-linux-gnu/libtdb.so.1.3.11
7fa6ad0bf000-7fa6ad0c0000 r--p 00014000 08:06 1059578                    /usr/lib/x86_64-linux-gnu/libtdb.so.1.3.11
7fa6ad0c0000-7fa6ad0c1000 rw-p 00015000 08:06 1059578                    /usr/lib/x86_64-linux-gnu/libtdb.so.1.3.11
7fa6ad0c1000-7fa6ad0c9000 r-xp 00000000 08:06 1060765                    /usr/lib/x86_64-linux-gnu/libvorbisfile.so.3.3.7
7fa6ad0c9000-7fa6ad2c8000 ---p 00008000 08:06 1060765                    /usr/lib/x86_64-linux-gnu/libvorbisfile.so.3.3.7
7fa6ad2c8000-7fa6ad2c9000 r--p 00007000 08:06 1060765                    /usr/lib/x86_64-linux-gnu/libvorbisfile.so.3.3.7
7fa6ad2c9000-7fa6ad2ca000 rw-p 00008000 08:06 1060765                    /usr/lib/x86_64-linux-gnu/libvorbisfile.so.3.3.7
7fa6ad2ca000-7fa6ad2db000 r-xp 00000000 08:06 1060767                    /usr/lib/x86_64-linux-gnu/libcanberra.so.0.2.5
7fa6ad2db000-7fa6ad4da000 ---p 00011000 08:06 1060767                    /usr/lib/x86_64-linux-gnu/libcanberra.so.0.2.5
7fa6ad4da000-7fa6ad4db000 r--p 00010000 08:06 1060767                    /usr/lib/x86_64-linux-gnu/libcanberra.so.0.2.5
7fa6ad4db000-7fa6ad4dc000 rw-p 00011000 08:06 1060767                    /usr/lib/x86_64-linux-gnu/libcanberra.so.0.2.5
7fa6ad4dc000-7fa6ad4e0000 r-xp 00000000 08:06 1070077                    /usr/lib/x86_64-linux-gnu/libcanberra-gtk.so.0.1.9
7fa6ad4e0000-7fa6ad6df000 ---p 00004000 08:06 1070077                    /usr/lib/x86_64-linux-gnu/libcanberra-gtk.so.0.1.9
7fa6ad6df000-7fa6ad6e0000 r--p 00003000 08:06 1070077                    /usr/lib/x86_64-linux-gnu/libcanberra-gtk.so.0.1.9
7fa6ad6e0000-7fa6ad6e1000 rw-p 00004000 08:06 1070077                    /usr/lib/x86_64-linux-gnu/libcanberra-gtk.so.0.1.9
7fa6ad6e1000-7fa6ad6e6000 r-xp 00000000 08:06 1845389                    /usr/lib/x86_64-linux-gnu/gtk-2.0/modules/libcanberra-gtk-module.so
7fa6ad6e6000-7fa6ad8e5000 ---p 00005000 08:06 1845389                    /usr/lib/x86_64-linux-gnu/gtk-2.0/modules/libcanberra-gtk-module.so
7fa6ad8e5000-7fa6ad8e6000 r--p 00004000 08:06 1845389                    /usr/lib/x86_64-linux-gnu/gtk-2.0/modules/libcanberra-gtk-module.so
7fa6ad8e6000-7fa6ad8e7000 rw-p 00005000 08:06 1845389                    /usr/lib/x86_64-linux-gnu/gtk-2.0/modules/libcanberra-gtk-module.so
7fa6ad8e7000-7fa6ad8f1000 r-xp 00000000 08:06 2376631                    /usr/lib/x86_64-linux-gnu/gtk-2.0/2.10.0/engines/libpixmap.so
7fa6ad8f1000-7fa6adaf0000 ---p 0000a000 08:06 2376631                    /usr/lib/x86_64-linux-gnu/gtk-2.0/2.10.0/engines/libpixmap.so
7fa6adaf0000-7fa6adaf1000 r--p 00009000 08:06 2376631                    /usr/lib/x86_64-linux-gnu/gtk-2.0/2.10.0/engines/libpixmap.so
7fa6adaf1000-7fa6adaf2000 rw-p 0000a000 08:06 2376631                    /usr/lib/x86_64-linux-gnu/gtk-2.0/2.10.0/engines/libpixmap.so
7fa6adaf2000-7fa6adaf4000 r-xp 00000000 08:06 2361430                    /usr/lib/x86_64-linux-gnu/gtk-2.0/2.10.0/engines/libadwaita.so
7fa6adaf4000-7fa6adcf4000 ---p 00002000 08:06 2361430                    /usr/lib/x86_64-linux-gnu/gtk-2.0/2.10.0/engines/libadwaita.so
7fa6adcf4000-7fa6adcf5000 r--p 00002000 08:06 2361430                    /usr/lib/x86_64-linux-gnu/gtk-2.0/2.10.0/engines/libadwaita.so
7fa6adcf5000-7fa6adcf6000 rw-p 00003000 08:06 2361430                    /usr/lib/x86_64-linux-gnu/gtk-2.0/2.10.0/engines/libadwaita.so
7fa6adcf6000-7fa6add1f000 r-xp 00000000 08:06 1187325                    /usr/local/jdk1.8.0_161/jre/lib/amd64/libglass.so
7fa6add1f000-7fa6adf1e000 ---p 00029000 08:06 1187325                    /usr/local/jdk1.8.0_161/jre/lib/amd64/libglass.so
7fa6adf1e000-7fa6adf21000 rw-p 00028000 08:06 1187325                    /usr/local/jdk1.8.0_161/jre/lib/amd64/libglass.so
7fa6adf21000-7fa6adf59000 r-xp 00000000 08:06 1073809                    /usr/lib/x86_64-linux-gnu/s2tc/libtxc_dxtn.so
7fa6adf59000-7fa6ae159000 ---p 00038000 08:06 1073809                    /usr/lib/x86_64-linux-gnu/s2tc/libtxc_dxtn.so
7fa6ae159000-7fa6ae15a000 r--p 00038000 08:06 1073809                    /usr/lib/x86_64-linux-gnu/s2tc/libtxc_dxtn.so
7fa6ae15a000-7fa6ae15b000 rw-p 00039000 08:06 1073809                    /usr/lib/x86_64-linux-gnu/s2tc/libtxc_dxtn.so
7fa6ae15b000-7fa6ae163000 r-xp 00000000 08:06 1071874                    /usr/lib/x86_64-linux-gnu/libpciaccess.so.0.11.1
7fa6ae163000-7fa6ae363000 ---p 00008000 08:06 1071874                    /usr/lib/x86_64-linux-gnu/libpciaccess.so.0.11.1
7fa6ae363000-7fa6ae364000 r--p 00008000 08:06 1071874                    /usr/lib/x86_64-linux-gnu/libpciaccess.so.0.11.1
7fa6ae364000-7fa6ae365000 rw-p 00009000 08:06 1071874                    /usr/lib/x86_64-linux-gnu/libpciaccess.so.0.11.1
7fa6ae365000-7fa6ae378000 r-xp 00000000 08:06 1179698                    /lib/x86_64-linux-gnu/libgpg-error.so.0.21.0
7fa6ae378000-7fa6ae577000 ---p 00013000 08:06 1179698                    /lib/x86_64-linux-gnu/libgpg-error.so.0.21.0
7fa6ae577000-7fa6ae578000 r--p 00012000 08:06 1179698                    /lib/x86_64-linux-gnu/libgpg-error.so.0.21.0
7fa6ae578000-7fa6ae579000 rw-p 00013000 08:06 1179698                    /lib/x86_64-linux-gnu/libgpg-error.so.0.21.0
7fa6ae579000-7fa6ae584000 r-xp 00000000 08:06 1072006                    /usr/lib/x86_64-linux-gnu/libdrm_radeon.so.1.0.1
7fa6ae584000-7fa6ae783000 ---p 0000b000 08:06 1072006                    /usr/lib/x86_64-linux-gnu/libdrm_radeon.so.1.0.1
7fa6ae783000-7fa6ae784000 r--p 0000a000 08:06 1072006                    /usr/lib/x86_64-linux-gnu/libdrm_radeon.so.1.0.1
7fa6ae784000-7fa6ae785000 rw-p 0000b000 08:06 1072006                    /usr/lib/x86_64-linux-gnu/libdrm_radeon.so.1.0.1
7fa6ae785000-7fa6ae78c000 r-xp 00000000 08:06 1072003                    /usr/lib/x86_64-linux-gnu/libdrm_nouveau.so.2.0.0
7fa6ae78c000-7fa6ae98b000 ---p 00007000 08:06 1072003                    /usr/lib/x86_64-linux-gnu/libdrm_nouveau.so.2.0.0
7fa6ae98b000-7fa6ae98c000 r--p 00006000 08:06 1072003                    /usr/lib/x86_64-linux-gnu/libdrm_nouveau.so.2.0.0
7fa6ae98c000-7fa6ae98d000 rw-p 00007000 08:06 1072003                    /usr/lib/x86_64-linux-gnu/libdrm_nouveau.so.2.0.0
7fa6ae98d000-7fa6ae9af000 r-xp 00000000 08:06 1071876                    /usr/lib/x86_64-linux-gnu/libdrm_intel.so.1.0.0
7fa6ae9af000-7fa6aebae000 ---p 00022000 08:06 1071876                    /usr/lib/x86_64-linux-gnu/libdrm_intel.so.1.0.0
7fa6aebae000-7fa6aebaf000 r--p 00021000 08:06 1071876                    /usr/lib/x86_64-linux-gnu/libdrm_intel.so.1.0.0
7fa6aebaf000-7fa6aebb0000 rw-p 00022000 08:06 1071876                    /usr/lib/x86_64-linux-gnu/libdrm_intel.so.1.0.0
7fa6aebb0000-7fa6aecb7000 r-xp 00000000 08:06 1179700                    /lib/x86_64-linux-gnu/libgcrypt.so.20.1.6
7fa6aecb7000-7fa6aeeb7000 ---p 00107000 08:06 1179700                    /lib/x86_64-linux-gnu/libgcrypt.so.20.1.6
7fa6aeeb7000-7fa6aeeb9000 r--p 00107000 08:06 1179700                    /lib/x86_64-linux-gnu/libgcrypt.so.20.1.6
7fa6aeeb9000-7fa6aeec0000 rw-p 00109000 08:06 1179700                    /lib/x86_64-linux-gnu/libgcrypt.so.20.1.6
7fa6aeec0000-7fa6af567000 r-xp 00000000 08:06 1186748                    /usr/lib/x86_64-linux-gnu/dri/i965_dri.so
7fa6af567000-7fa6af766000 ---p 006a7000 08:06 1186748                    /usr/lib/x86_64-linux-gnu/dri/i965_dri.so
7fa6af766000-7fa6af7a8000 r--p 006a6000 08:06 1186748                    /usr/lib/x86_64-linux-gnu/dri/i965_dri.so
7fa6af7a8000-7fa6af7b0000 rw-p 006e8000 08:06 1186748                    /usr/lib/x86_64-linux-gnu/dri/i965_dri.so
7fa6af7b0000-7fa6af7b8000 rw-p 00000000 00:00 0 
7fa6af7b8000-7fa6af7cb000 r-xp 00000000 08:06 1180404                    /lib/x86_64-linux-gnu/libbsd.so.0.8.3
7fa6af7cb000-7fa6af9cb000 ---p 00013000 08:06 1180404                    /lib/x86_64-linux-gnu/libbsd.so.0.8.3
7fa6af9cb000-7fa6af9cc000 r--p 00013000 08:06 1180404                    /lib/x86_64-linux-gnu/libbsd.so.0.8.3
7fa6af9cc000-7fa6af9cd000 rw-p 00014000 08:06 1180404                    /lib/x86_64-linux-gnu/libbsd.so.0.8.3
7fa6af9cd000-7fa6af9ce000 rw-p 00000000 00:00 0 
7fa6af9ce000-7fa6af9d2000 r-xp 00000000 08:06 1179745                    /lib/x86_64-linux-gnu/libuuid.so.1.3.0
7fa6af9d2000-7fa6afbd1000 ---p 00004000 08:06 1179745                    /lib/x86_64-linux-gnu/libuuid.so.1.3.0
7fa6afbd1000-7fa6afbd2000 r--p 00003000 08:06 1179745                    /lib/x86_64-linux-gnu/libuuid.so.1.3.0
7fa6afbd2000-7fa6afbd3000 rw-p 00004000 08:06 1179745                    /lib/x86_64-linux-gnu/libuuid.so.1.3.0
7fa6afbd3000-7fa6afbda000 r-xp 00000000 08:06 1057005                    /usr/lib/x86_64-linux-gnu/libdatrie.so.1.3.3
7fa6afbda000-7fa6afdd9000 ---p 00007000 08:06 1057005                    /usr/lib/x86_64-linux-gnu/libdatrie.so.1.3.3
7fa6afdd9000-7fa6afdda000 r--p 00006000 08:06 1057005                    /usr/lib/x86_64-linux-gnu/libdatrie.so.1.3.3
7fa6afdda000-7fa6afddb000 rw-p 00007000 08:06 1057005                    /usr/lib/x86_64-linux-gnu/libdatrie.so.1.3.3
7fa6afddb000-7fa6afde0000 r-xp 00000000 08:06 1056459                    /usr/lib/x86_64-linux-gnu/libXdmcp.so.6.0.0
7fa6afde0000-7fa6affdf000 ---p 00005000 08:06 1056459                    /usr/lib/x86_64-linux-gnu/libXdmcp.so.6.0.0
7fa6affdf000-7fa6affe0000 r--p 00004000 08:06 1056459                    /usr/lib/x86_64-linux-gnu/libXdmcp.so.6.0.0
7fa6affe0000-7fa6affe1000 rw-p 00005000 08:06 1056459                    /usr/lib/x86_64-linux-gnu/libXdmcp.so.6.0.0
7fa6affe1000-7fa6affe4000 r-xp 00000000 08:06 1056457                    /usr/lib/x86_64-linux-gnu/libXau.so.6.0.0
7fa6affe4000-7fa6b01e3000 ---p 00003000 08:06 1056457                    /usr/lib/x86_64-linux-gnu/libXau.so.6.0.0
7fa6b01e3000-7fa6b01e4000 r--p 00002000 08:06 1056457                    /usr/lib/x86_64-linux-gnu/libXau.so.6.0.0
7fa6b01e4000-7fa6b01e5000 rw-p 00003000 08:06 1056457                    /usr/lib/x86_64-linux-gnu/libXau.so.6.0.0
7fa6b01e5000-7fa6b0210000 r-xp 00000000 08:06 1057011                    /usr/lib/x86_64-linux-gnu/libgraphite2.so.3.0.1
7fa6b0210000-7fa6b040f000 ---p 0002b000 08:06 1057011                    /usr/lib/x86_64-linux-gnu/libgraphite2.so.3.0.1
7fa6b040f000-7fa6b0411000 r--p 0002a000 08:06 1057011                    /usr/lib/x86_64-linux-gnu/libgraphite2.so.3.0.1
7fa6b0411000-7fa6b0412000 rw-p 0002c000 08:06 1057011                    /usr/lib/x86_64-linux-gnu/libgraphite2.so.3.0.1
7fa6b0412000-7fa6b0453000 r-xp 00000000 08:06 1179727                    /lib/x86_64-linux-gnu/libblkid.so.1.1.0
7fa6b0453000-7fa6b0652000 ---p 00041000 08:06 1179727                    /lib/x86_64-linux-gnu/libblkid.so.1.1.0
7fa6b0652000-7fa6b0656000 r--p 00040000 08:06 1179727                    /lib/x86_64-linux-gnu/libblkid.so.1.1.0
7fa6b0656000-7fa6b0657000 rw-p 00044000 08:06 1179727                    /lib/x86_64-linux-gnu/libblkid.so.1.1.0
7fa6b0657000-7fa6b0658000 rw-p 00000000 00:00 0 
7fa6b0658000-7fa6b0666000 r-xp 00000000 08:06 1057549                    /usr/lib/x86_64-linux-gnu/libdrm.so.2.4.0
7fa6b0666000-7fa6b0866000 ---p 0000e000 08:06 1057549                    /usr/lib/x86_64-linux-gnu/libdrm.so.2.4.0
7fa6b0866000-7fa6b0867000 r--p 0000e000 08:06 1057549                    /usr/lib/x86_64-linux-gnu/libdrm.so.2.4.0
7fa6b0867000-7fa6b0868000 rw-p 0000f000 08:06 1057549                    /usr/lib/x86_64-linux-gnu/libdrm.so.2.4.0
7fa6b0868000-7fa6b086c000 r-xp 00000000 08:06 1057556                    /usr/lib/x86_64-linux-gnu/libxcb-dri2.so.0.0.0
7fa6b086c000-7fa6b0a6b000 ---p 00004000 08:06 1057556                    /usr/lib/x86_64-linux-gnu/libxcb-dri2.so.0.0.0
7fa6b0a6b000-7fa6b0a6c000 r--p 00003000 08:06 1057556                    /usr/lib/x86_64-linux-gnu/libxcb-dri2.so.0.0.0
7fa6b0a6c000-7fa6b0a6d000 rw-p 00004000 08:06 1057556                    /usr/lib/x86_64-linux-gnu/libxcb-dri2.so.0.0.0
7fa6b0a6d000-7fa6b0a85000 r-xp 00000000 08:06 1057560                    /usr/lib/x86_64-linux-gnu/libxcb-glx.so.0.0.0
7fa6b0a85000-7fa6b0c85000 ---p 00018000 08:06 1057560                    /usr/lib/x86_64-linux-gnu/libxcb-glx.so.0.0.0
7fa6b0c85000-7fa6b0c87000 r--p 00018000 08:06 1057560                    /usr/lib/x86_64-linux-gnu/libxcb-glx.so.0.0.0
7fa6b0c87000-7fa6b0c88000 rw-p 0001a000 08:06 1057560                    /usr/lib/x86_64-linux-gnu/libxcb-glx.so.0.0.0
7fa6b0c88000-7fa6b0c89000 r-xp 00000000 08:06 1057554                    /usr/lib/x86_64-linux-gnu/libX11-xcb.so.1.0.0
7fa6b0c89000-7fa6b0e88000 ---p 00001000 08:06 1057554                    /usr/lib/x86_64-linux-gnu/libX11-xcb.so.1.0.0
7fa6b0e88000-7fa6b0e89000 r--p 00000000 08:06 1057554                    /usr/lib/x86_64-linux-gnu/libX11-xcb.so.1.0.0
7fa6b0e89000-7fa6b0e8a000 rw-p 00001000 08:06 1057554                    /usr/lib/x86_64-linux-gnu/libX11-xcb.so.1.0.0
7fa6b0e8a000-7fa6b0eb4000 r-xp 00000000 08:06 1057551                    /usr/lib/x86_64-linux-gnu/libglapi.so.0.0.0
7fa6b0eb4000-7fa6b10b3000 ---p 0002a000 08:06 1057551                    /usr/lib/x86_64-linux-gnu/libglapi.so.0.0.0
7fa6b10b3000-7fa6b10b7000 r--p 00029000 08:06 1057551                    /usr/lib/x86_64-linux-gnu/libglapi.so.0.0.0
7fa6b10b7000-7fa6b10b8000 rw-p 0002d000 08:06 1057551                    /usr/lib/x86_64-linux-gnu/libglapi.so.0.0.0
7fa6b10b8000-7fa6b10b9000 rw-p 00000000 00:00 0 
7fa6b10b9000-7fa6b10ba000 r-xp 00000000 08:06 1057570                    /usr/lib/x86_64-linux-gnu/libxshmfence.so.1.0.0
7fa6b10ba000-7fa6b12b9000 ---p 00001000 08:06 1057570                    /usr/lib/x86_64-linux-gnu/libxshmfence.so.1.0.0
7fa6b12b9000-7fa6b12ba000 r--p 00000000 08:06 1057570                    /usr/lib/x86_64-linux-gnu/libxshmfence.so.1.0.0
7fa6b12ba000-7fa6b12bb000 rw-p 00001000 08:06 1057570                    /usr/lib/x86_64-linux-gnu/libxshmfence.so.1.0.0
7fa6b12bb000-7fa6b12c1000 r-xp 00000000 08:06 1057564                    /usr/lib/x86_64-linux-gnu/libxcb-sync.so.1.0.0
7fa6b12c1000-7fa6b14c0000 ---p 00006000 08:06 1057564                    /usr/lib/x86_64-linux-gnu/libxcb-sync.so.1.0.0
7fa6b14c0000-7fa6b14c1000 r--p 00005000 08:06 1057564                    /usr/lib/x86_64-linux-gnu/libxcb-sync.so.1.0.0
7fa6b14c1000-7fa6b14c2000 rw-p 00006000 08:06 1057564                    /usr/lib/x86_64-linux-gnu/libxcb-sync.so.1.0.0
7fa6b14c2000-7fa6b14c4000 r-xp 00000000 08:06 1057562                    /usr/lib/x86_64-linux-gnu/libxcb-present.so.0.0.0
7fa6b14c4000-7fa6b16c3000 ---p 00002000 08:06 1057562                    /usr/lib/x86_64-linux-gnu/libxcb-present.so.0.0.0
7fa6b16c3000-7fa6b16c4000 r--p 00001000 08:06 1057562                    /usr/lib/x86_64-linux-gnu/libxcb-present.so.0.0.0
7fa6b16c4000-7fa6b16c5000 rw-p 00002000 08:06 1057562                    /usr/lib/x86_64-linux-gnu/libxcb-present.so.0.0.0
7fa6b16c5000-7fa6b16c7000 r-xp 00000000 08:06 1057558                    /usr/lib/x86_64-linux-gnu/libxcb-dri3.so.0.0.0
7fa6b16c7000-7fa6b18c6000 ---p 00002000 08:06 1057558                    /usr/lib/x86_64-linux-gnu/libxcb-dri3.so.0.0.0
7fa6b18c6000-7fa6b18c7000 r--p 00001000 08:06 1057558                    /usr/lib/x86_64-linux-gnu/libxcb-dri3.so.0.0.0
7fa6b18c7000-7fa6b18c8000 rw-p 00002000 08:06 1057558                    /usr/lib/x86_64-linux-gnu/libxcb-dri3.so.0.0.0
7fa6b18c8000-7fa6b193a000 r-xp 00000000 08:06 1179687                    /lib/x86_64-linux-gnu/libpcre.so.3.13.3
7fa6b193a000-7fa6b1b39000 ---p 00072000 08:06 1179687                    /lib/x86_64-linux-gnu/libpcre.so.3.13.3
7fa6b1b39000-7fa6b1b3a000 r--p 00071000 08:06 1179687                    /lib/x86_64-linux-gnu/libpcre.so.3.13.3
7fa6b1b3a000-7fa6b1b3b000 rw-p 00072000 08:06 1179687                    /lib/x86_64-linux-gnu/libpcre.so.3.13.3
7fa6b1b3b000-7fa6b1b42000 r-xp 00000000 08:06 1052944                    /usr/lib/x86_64-linux-gnu/libffi.so.6.0.4
7fa6b1b42000-7fa6b1d42000 ---p 00007000 08:06 1052944                    /usr/lib/x86_64-linux-gnu/libffi.so.6.0.4
7fa6b1d42000-7fa6b1d43000 r--p 00007000 08:06 1052944                    /usr/lib/x86_64-linux-gnu/libffi.so.6.0.4
7fa6b1d43000-7fa6b1d44000 rw-p 00008000 08:06 1052944                    /usr/lib/x86_64-linux-gnu/libffi.so.6.0.4
7fa6b1d44000-7fa6b1d6b000 r-xp 00000000 08:06 1182928                    /lib/x86_64-linux-gnu/libexpat.so.1.6.2
7fa6b1d6b000-7fa6b1f6b000 ---p 00027000 08:06 1182928                    /lib/x86_64-linux-gnu/libexpat.so.1.6.2
7fa6b1f6b000-7fa6b1f6d000 r--p 00027000 08:06 1182928                    /lib/x86_64-linux-gnu/libexpat.so.1.6.2
7fa6b1f6d000-7fa6b1f6e000 rw-p 00029000 08:06 1182928                    /lib/x86_64-linux-gnu/libexpat.so.1.6.2
7fa6b1f6e000-7fa6b1f76000 r-xp 00000000 08:06 1057007                    /usr/lib/x86_64-linux-gnu/libthai.so.0.3.0
7fa6b1f76000-7fa6b2176000 ---p 00008000 08:06 1057007                    /usr/lib/x86_64-linux-gnu/libthai.so.0.3.0
7fa6b2176000-7fa6b2177000 r--p 00008000 08:06 1057007                    /usr/lib/x86_64-linux-gnu/libthai.so.0.3.0
7fa6b2177000-7fa6b2178000 rw-p 00009000 08:06 1057007                    /usr/lib/x86_64-linux-gnu/libthai.so.0.3.0
7fa6b2178000-7fa6b2184000 r-xp 00000000 08:06 1056979                    /usr/lib/x86_64-linux-gnu/libxcb-render.so.0.0.0
7fa6b2184000-7fa6b2384000 ---p 0000c000 08:06 1056979                    /usr/lib/x86_64-linux-gnu/libxcb-render.so.0.0.0
7fa6b2384000-7fa6b2385000 r--p 0000c000 08:06 1056979                    /usr/lib/x86_64-linux-gnu/libxcb-render.so.0.0.0
7fa6b2385000-7fa6b2386000 rw-p 0000d000 08:06 1056979                    /usr/lib/x86_64-linux-gnu/libxcb-render.so.0.0.0
7fa6b2386000-7fa6b23ad000 r-xp 00000000 08:06 1056461                    /usr/lib/x86_64-linux-gnu/libxcb.so.1.1.0
7fa6b23ad000-7fa6b25ac000 ---p 00027000 08:06 1056461                    /usr/lib/x86_64-linux-gnu/libxcb.so.1.1.0
7fa6b25ac000-7fa6b25ad000 r--p 00026000 08:06 1056461                    /usr/lib/x86_64-linux-gnu/libxcb.so.1.1.0
7fa6b25ad000-7fa6b25ae000 rw-p 00027000 08:06 1056461                    /usr/lib/x86_64-linux-gnu/libxcb.so.1.1.0
7fa6b25ae000-7fa6b25b0000 r-xp 00000000 08:06 1056981                    /usr/lib/x86_64-linux-gnu/libxcb-shm.so.0.0.0
7fa6b25b0000-7fa6b27b0000 ---p 00002000 08:06 1056981                    /usr/lib/x86_64-linux-gnu/libxcb-shm.so.0.0.0
7fa6b27b0000-7fa6b27b1000 r--p 00002000 08:06 1056981                    /usr/lib/x86_64-linux-gnu/libxcb-shm.so.0.0.0
7fa6b27b1000-7fa6b27b2000 rw-p 00003000 08:06 1056981                    /usr/lib/x86_64-linux-gnu/libxcb-shm.so.0.0.0
7fa6b27b2000-7fa6b2850000 r-xp 00000000 08:06 1056976                    /usr/lib/x86_64-linux-gnu/libpixman-1.so.0.34.0
7fa6b2850000-7fa6b2a50000 ---p 0009e000 08:06 1056976                    /usr/lib/x86_64-linux-gnu/libpixman-1.so.0.34.0
7fa6b2a50000-7fa6b2a58000 r--p 0009e000 08:06 1056976                    /usr/lib/x86_64-linux-gnu/libpixman-1.so.0.34.0
7fa6b2a58000-7fa6b2a59000 rw-p 000a6000 08:06 1056976                    /usr/lib/x86_64-linux-gnu/libpixman-1.so.0.34.0
7fa6b2a59000-7fa6b2a8a000 r-xp 00000000 08:06 1056450                    /usr/lib/x86_64-linux-gnu/libpng16.so.16.28.0
7fa6b2a8a000-7fa6b2c8a000 ---p 00031000 08:06 1056450                    /usr/lib/x86_64-linux-gnu/libpng16.so.16.28.0
7fa6b2c8a000-7fa6b2c8b000 r--p 00031000 08:06 1056450                    /usr/lib/x86_64-linux-gnu/libpng16.so.16.28.0
7fa6b2c8b000-7fa6b2c8c000 rw-p 00032000 08:06 1056450                    /usr/lib/x86_64-linux-gnu/libpng16.so.16.28.0
7fa6b2c8c000-7fa6b2d1f000 r-xp 00000000 08:06 1057015                    /usr/lib/x86_64-linux-gnu/libharfbuzz.so.0.10400.2
7fa6b2d1f000-7fa6b2f1e000 ---p 00093000 08:06 1057015                    /usr/lib/x86_64-linux-gnu/libharfbuzz.so.0.10400.2
7fa6b2f1e000-7fa6b2f20000 r--p 00092000 08:06 1057015                    /usr/lib/x86_64-linux-gnu/libharfbuzz.so.0.10400.2
7fa6b2f20000-7fa6b2f21000 rw-p 00094000 08:06 1057015                    /usr/lib/x86_64-linux-gnu/libharfbuzz.so.0.10400.2
7fa6b2f21000-7fa6b2f6b000 r-xp 00000000 08:06 1179733                    /lib/x86_64-linux-gnu/libmount.so.1.1.0
7fa6b2f6b000-7fa6b316b000 ---p 0004a000 08:06 1179733                    /lib/x86_64-linux-gnu/libmount.so.1.1.0
7fa6b316b000-7fa6b316c000 r--p 0004a000 08:06 1179733                    /lib/x86_64-linux-gnu/libmount.so.1.1.0
7fa6b316c000-7fa6b316d000 rw-p 0004b000 08:06 1179733                    /lib/x86_64-linux-gnu/libmount.so.1.1.0
7fa6b316d000-7fa6b316f000 rw-p 00000000 00:00 0 
7fa6b316f000-7fa6b3183000 r-xp 00000000 08:06 1179672                    /lib/x86_64-linux-gnu/libresolv-2.24.so
7fa6b3183000-7fa6b3382000 ---p 00014000 08:06 1179672                    /lib/x86_64-linux-gnu/libresolv-2.24.so
7fa6b3382000-7fa6b3383000 r--p 00013000 08:06 1179672                    /lib/x86_64-linux-gnu/libresolv-2.24.so
7fa6b3383000-7fa6b3384000 rw-p 00014000 08:06 1179672                    /lib/x86_64-linux-gnu/libresolv-2.24.so
7fa6b3384000-7fa6b3386000 rw-p 00000000 00:00 0 
7fa6b3386000-7fa6b33ab000 r-xp 00000000 08:06 1179737                    /lib/x86_64-linux-gnu/libselinux.so.1
7fa6b33ab000-7fa6b35aa000 ---p 00025000 08:06 1179737                    /lib/x86_64-linux-gnu/libselinux.so.1
7fa6b35aa000-7fa6b35ab000 r--p 00024000 08:06 1179737                    /lib/x86_64-linux-gnu/libselinux.so.1
7fa6b35ab000-7fa6b35ac000 rw-p 00025000 08:06 1179737                    /lib/x86_64-linux-gnu/libselinux.so.1
7fa6b35ac000-7fa6b35ae000 rw-p 00000000 00:00 0 
7fa6b35ae000-7fa6b35c7000 r-xp 00000000 08:06 1179738                    /lib/x86_64-linux-gnu/libz.so.1.2.8
7fa6b35c7000-7fa6b37c6000 ---p 00019000 08:06 1179738                    /lib/x86_64-linux-gnu/libz.so.1.2.8
7fa6b37c6000-7fa6b37c7000 r--p 00018000 08:06 1179738                    /lib/x86_64-linux-gnu/libz.so.1.2.8
7fa6b37c7000-7fa6b37c8000 rw-p 00019000 08:06 1179738                    /lib/x86_64-linux-gnu/libz.so.1.2.8
7fa6b37c8000-7fa6b37d9000 r-xp 00000000 08:06 1056468                    /usr/lib/x86_64-linux-gnu/libXext.so.6.4.0
7fa6b37d9000-7fa6b39d8000 ---p 00011000 08:06 1056468                    /usr/lib/x86_64-linux-gnu/libXext.so.6.4.0
7fa6b39d8000-7fa6b39d9000 r--p 00010000 08:06 1056468                    /usr/lib/x86_64-linux-gnu/libXext.so.6.4.0
7fa6b39d9000-7fa6b39da000 rw-p 00011000 08:06 1056468                    /usr/lib/x86_64-linux-gnu/libXext.so.6.4.0
7fa6b39da000-7fa6b39e4000 r-xp 00000000 08:06 1058855                    /usr/lib/x86_64-linux-gnu/libXcursor.so.1.0.2
7fa6b39e4000-7fa6b3be3000 ---p 0000a000 08:06 1058855                    /usr/lib/x86_64-linux-gnu/libXcursor.so.1.0.2
7fa6b3be3000-7fa6b3be4000 r--p 00009000 08:06 1058855                    /usr/lib/x86_64-linux-gnu/libXcursor.so.1.0.2
7fa6b3be4000-7fa6b3be5000 rw-p 0000a000 08:06 1058855                    /usr/lib/x86_64-linux-gnu/libXcursor.so.1.0.2
7fa6b3be5000-7fa6b3bef000 r-xp 00000000 08:06 1056474                    /usr/lib/x86_64-linux-gnu/libXrandr.so.2.2.0
7fa6b3bef000-7fa6b3dee000 ---p 0000a000 08:06 1056474                    /usr/lib/x86_64-linux-gnu/libXrandr.so.2.2.0
7fa6b3dee000-7fa6b3def000 r--p 00009000 08:06 1056474                    /usr/lib/x86_64-linux-gnu/libXrandr.so.2.2.0
7fa6b3def000-7fa6b3df0000 rw-p 0000a000 08:06 1056474                    /usr/lib/x86_64-linux-gnu/libXrandr.so.2.2.0
7fa6b3df0000-7fa6b3dff000 r-xp 00000000 08:06 1058857                    /usr/lib/x86_64-linux-gnu/libXi.so.6.1.0
7fa6b3dff000-7fa6b3ffe000 ---p 0000f000 08:06 1058857                    /usr/lib/x86_64-linux-gnu/libXi.so.6.1.0
7fa6b3ffe000-7fa6b3fff000 r--p 0000e000 08:06 1058857                    /usr/lib/x86_64-linux-gnu/libXi.so.6.1.0
7fa6b3fff000-7fa6b4000000 rw-p 0000f000 08:06 1058857                    /usr/lib/x86_64-linux-gnu/libXi.so.6.1.0
7fa6b4000000-7fa6b6085000 rw-p 00000000 00:00 0 
7fa6b6085000-7fa6b8000000 ---p 00000000 00:00 0 
7fa6b8005000-7fa6b8015000 rw-s 00000000 00:05 85836                      /drm mm object (deleted)
7fa6b8015000-7fa6b8028000 r--s 00345000 08:06 1187293                    /usr/local/jdk1.8.0_161/jre/lib/resources.jar
7fa6b8028000-7fa6b8076000 r--p 00000000 08:06 1187266                    /usr/local/jdk1.8.0_161/jre/lib/fonts/LucidaSansDemiBold.ttf
7fa6b8076000-7fa6b808a000 r--p 00000000 08:06 1187264                    /usr/local/jdk1.8.0_161/jre/lib/fonts/LucidaBrightItalic.ttf
7fa6b808a000-7fa6b808c000 r-xp 00000000 08:06 1056470                    /usr/lib/x86_64-linux-gnu/libXinerama.so.1.0.0
7fa6b808c000-7fa6b828b000 ---p 00002000 08:06 1056470                    /usr/lib/x86_64-linux-gnu/libXinerama.so.1.0.0
7fa6b828b000-7fa6b828c000 r--p 00001000 08:06 1056470                    /usr/lib/x86_64-linux-gnu/libXinerama.so.1.0.0
7fa6b828c000-7fa6b828d000 rw-p 00002000 08:06 1056470                    /usr/lib/x86_64-linux-gnu/libXinerama.so.1.0.0
7fa6b828d000-7fa6b8296000 r-xp 00000000 08:06 1056472                    /usr/lib/x86_64-linux-gnu/libXrender.so.1.3.0
7fa6b8296000-7fa6b8495000 ---p 00009000 08:06 1056472                    /usr/lib/x86_64-linux-gnu/libXrender.so.1.3.0
7fa6b8495000-7fa6b8496000 r--p 00008000 08:06 1056472                    /usr/lib/x86_64-linux-gnu/libXrender.so.1.3.0
7fa6b8496000-7fa6b8497000 rw-p 00009000 08:06 1056472                    /usr/lib/x86_64-linux-gnu/libXrender.so.1.3.0
7fa6b8497000-7fa6b849c000 r-xp 00000000 08:06 1057566                    /usr/lib/x86_64-linux-gnu/libXfixes.so.3.1.0
7fa6b849c000-7fa6b869b000 ---p 00005000 08:06 1057566                    /usr/lib/x86_64-linux-gnu/libXfixes.so.3.1.0
7fa6b869b000-7fa6b869c000 r--p 00004000 08:06 1057566                    /usr/lib/x86_64-linux-gnu/libXfixes.so.3.1.0
7fa6b869c000-7fa6b869d000 rw-p 00005000 08:06 1057566                    /usr/lib/x86_64-linux-gnu/libXfixes.so.3.1.0
7fa6b869d000-7fa6b869f000 r-xp 00000000 08:06 1057568                    /usr/lib/x86_64-linux-gnu/libXdamage.so.1.1.0
7fa6b869f000-7fa6b889e000 ---p 00002000 08:06 1057568                    /usr/lib/x86_64-linux-gnu/libXdamage.so.1.1.0
7fa6b889e000-7fa6b889f000 r--p 00001000 08:06 1057568                    /usr/lib/x86_64-linux-gnu/libXdamage.so.1.1.0
7fa6b889f000-7fa6b88a0000 rw-p 00002000 08:06 1057568                    /usr/lib/x86_64-linux-gnu/libXdamage.so.1.1.0
7fa6b88a0000-7fa6b88a2000 r-xp 00000000 08:06 1058853                    /usr/lib/x86_64-linux-gnu/libXcomposite.so.1.0.0
7fa6b88a2000-7fa6b8aa1000 ---p 00002000 08:06 1058853                    /usr/lib/x86_64-linux-gnu/libXcomposite.so.1.0.0
7fa6b8aa1000-7fa6b8aa2000 r--p 00001000 08:06 1058853                    /usr/lib/x86_64-linux-gnu/libXcomposite.so.1.0.0
7fa6b8aa2000-7fa6b8aa3000 rw-p 00002000 08:06 1058853                    /usr/lib/x86_64-linux-gnu/libXcomposite.so.1.0.0
7fa6b8aa3000-7fa6b8ab9000 r-xp 00000000 08:06 1179652                    /lib/x86_64-linux-gnu/libgcc_s.so.1
7fa6b8ab9000-7fa6b8cb8000 ---p 00016000 08:06 1179652                    /lib/x86_64-linux-gnu/libgcc_s.so.1
7fa6b8cb8000-7fa6b8cb9000 r--p 00015000 08:06 1179652                    /lib/x86_64-linux-gnu/libgcc_s.so.1
7fa6b8cb9000-7fa6b8cba000 rw-p 00016000 08:06 1179652                    /lib/x86_64-linux-gnu/libgcc_s.so.1
7fa6b8cba000-7fa6b8e2c000 r-xp 00000000 08:06 1053884                    /usr/lib/x86_64-linux-gnu/libstdc++.so.6.0.22
7fa6b8e2c000-7fa6b902c000 ---p 00172000 08:06 1053884                    /usr/lib/x86_64-linux-gnu/libstdc++.so.6.0.22
7fa6b902c000-7fa6b9036000 r--p 00172000 08:06 1053884                    /usr/lib/x86_64-linux-gnu/libstdc++.so.6.0.22
7fa6b9036000-7fa6b9038000 rw-p 0017c000 08:06 1053884                    /usr/lib/x86_64-linux-gnu/libstdc++.so.6.0.22
7fa6b9038000-7fa6b903c000 rw-p 00000000 00:00 0 
7fa6b903c000-7fa6b90aa000 r-xp 00000000 08:06 1057572                    /usr/lib/x86_64-linux-gnu/libGL.so.1.2.0
7fa6b90aa000-7fa6b92a9000 ---p 0006e000 08:06 1057572                    /usr/lib/x86_64-linux-gnu/libGL.so.1.2.0
7fa6b92a9000-7fa6b92ac000 r--p 0006d000 08:06 1057572                    /usr/lib/x86_64-linux-gnu/libGL.so.1.2.0
7fa6b92ac000-7fa6b92ad000 rw-p 00070000 08:06 1057572                    /usr/lib/x86_64-linux-gnu/libGL.so.1.2.0
7fa6b92ad000-7fa6b92ae000 rw-p 00000000 00:00 0 
7fa6b92ae000-7fa6b92b3000 r-xp 00000000 08:06 1056483                    /usr/lib/x86_64-linux-gnu/libXxf86vm.so.1.0.0
7fa6b92b3000-7fa6b94b2000 ---p 00005000 08:06 1056483                    /usr/lib/x86_64-linux-gnu/libXxf86vm.so.1.0.0
7fa6b94b2000-7fa6b94b3000 r--p 00004000 08:06 1056483                    /usr/lib/x86_64-linux-gnu/libXxf86vm.so.1.0.0
7fa6b94b3000-7fa6b94b4000 rw-p 00005000 08:06 1056483                    /usr/lib/x86_64-linux-gnu/libXxf86vm.so.1.0.0
7fa6b94b4000-7fa6b95ee000 r-xp 00000000 08:06 1056465                    /usr/lib/x86_64-linux-gnu/libX11.so.6.3.0
7fa6b95ee000-7fa6b97ee000 ---p 0013a000 08:06 1056465                    /usr/lib/x86_64-linux-gnu/libX11.so.6.3.0
7fa6b97ee000-7fa6b97ef000 r--p 0013a000 08:06 1056465                    /usr/lib/x86_64-linux-gnu/libX11.so.6.3.0
7fa6b97ef000-7fa6b97f4000 rw-p 0013b000 08:06 1056465                    /usr/lib/x86_64-linux-gnu/libX11.so.6.3.0
7fa6b97f4000-7fa6b97f9000 r-xp 00000000 08:06 1059119                    /usr/lib/x86_64-linux-gnu/libXtst.so.6.1.0
7fa6b97f9000-7fa6b99f8000 ---p 00005000 08:06 1059119                    /usr/lib/x86_64-linux-gnu/libXtst.so.6.1.0
7fa6b99f8000-7fa6b99f9000 r--p 00004000 08:06 1059119                    /usr/lib/x86_64-linux-gnu/libXtst.so.6.1.0
7fa6b99f9000-7fa6b99fa000 rw-p 00005000 08:06 1059119                    /usr/lib/x86_64-linux-gnu/libXtst.so.6.1.0
7fa6b99fa000-7fa6b9b0c000 r-xp 00000000 08:06 1183009                    /lib/x86_64-linux-gnu/libglib-2.0.so.0.5000.3
7fa6b9b0c000-7fa6b9d0b000 ---p 00112000 08:06 1183009                    /lib/x86_64-linux-gnu/libglib-2.0.so.0.5000.3
7fa6b9d0b000-7fa6b9d0c000 r--p 00111000 08:06 1183009                    /lib/x86_64-linux-gnu/libglib-2.0.so.0.5000.3
7fa6b9d0c000-7fa6b9d0d000 rw-p 00112000 08:06 1183009                    /lib/x86_64-linux-gnu/libglib-2.0.so.0.5000.3
7fa6b9d0d000-7fa6b9d0e000 rw-p 00000000 00:00 0 
7fa6b9d0e000-7fa6b9d0f000 r-xp 00000000 08:06 1056793                    /usr/lib/x86_64-linux-gnu/libgthread-2.0.so.0.5000.3
7fa6b9d0f000-7fa6b9f0e000 ---p 00001000 08:06 1056793                    /usr/lib/x86_64-linux-gnu/libgthread-2.0.so.0.5000.3
7fa6b9f0e000-7fa6b9f0f000 r--p 00000000 08:06 1056793                    /usr/lib/x86_64-linux-gnu/libgthread-2.0.so.0.5000.3
7fa6b9f0f000-7fa6b9f10000 rw-p 00001000 08:06 1056793                    /usr/lib/x86_64-linux-gnu/libgthread-2.0.so.0.5000.3
7fa6b9f10000-7fa6b9f13000 r-xp 00000000 08:06 1056791                    /usr/lib/x86_64-linux-gnu/libgmodule-2.0.so.0.5000.3
7fa6b9f13000-7fa6ba112000 ---p 00003000 08:06 1056791                    /usr/lib/x86_64-linux-gnu/libgmodule-2.0.so.0.5000.3
7fa6ba112000-7fa6ba113000 r--p 00002000 08:06 1056791                    /usr/lib/x86_64-linux-gnu/libgmodule-2.0.so.0.5000.3
7fa6ba113000-7fa6ba114000 rw-p 00003000 08:06 1056791                    /usr/lib/x86_64-linux-gnu/libgmodule-2.0.so.0.5000.3
7fa6ba114000-7fa6ba166000 r-xp 00000000 08:06 1056792                    /usr/lib/x86_64-linux-gnu/libgobject-2.0.so.0.5000.3
7fa6ba166000-7fa6ba365000 ---p 00052000 08:06 1056792                    /usr/lib/x86_64-linux-gnu/libgobject-2.0.so.0.5000.3
7fa6ba365000-7fa6ba366000 r--p 00051000 08:06 1056792                    /usr/lib/x86_64-linux-gnu/libgobject-2.0.so.0.5000.3
7fa6ba366000-7fa6ba367000 rw-p 00052000 08:06 1056792                    /usr/lib/x86_64-linux-gnu/libgobject-2.0.so.0.5000.3
7fa6ba367000-7fa6ba3a3000 r-xp 00000000 08:06 1056974                    /usr/lib/x86_64-linux-gnu/libfontconfig.so.1.8.0
7fa6ba3a3000-7fa6ba5a2000 ---p 0003c000 08:06 1056974                    /usr/lib/x86_64-linux-gnu/libfontconfig.so.1.8.0
7fa6ba5a2000-7fa6ba5a4000 r--p 0003b000 08:06 1056974                    /usr/lib/x86_64-linux-gnu/libfontconfig.so.1.8.0
7fa6ba5a4000-7fa6ba5a5000 rw-p 0003d000 08:06 1056974                    /usr/lib/x86_64-linux-gnu/libfontconfig.so.1.8.0
7fa6ba5a5000-7fa6ba64d000 r-xp 00000000 08:06 1056970                    /usr/lib/x86_64-linux-gnu/libfreetype.so.6.12.3
7fa6ba64d000-7fa6ba84d000 ---p 000a8000 08:06 1056970                    /usr/lib/x86_64-linux-gnu/libfreetype.so.6.12.3
7fa6ba84d000-7fa6ba853000 r--p 000a8000 08:06 1056970                    /usr/lib/x86_64-linux-gnu/libfreetype.so.6.12.3
7fa6ba853000-7fa6ba854000 rw-p 000ae000 08:06 1056970                    /usr/lib/x86_64-linux-gnu/libfreetype.so.6.12.3
7fa6ba854000-7fa6ba89d000 r-xp 00000000 08:06 1057009                    /usr/lib/x86_64-linux-gnu/libpango-1.0.so.0.4000.5
7fa6ba89d000-7fa6baa9c000 ---p 00049000 08:06 1057009                    /usr/lib/x86_64-linux-gnu/libpango-1.0.so.0.4000.5
7fa6baa9c000-7fa6baa9f000 r--p 00048000 08:06 1057009                    /usr/lib/x86_64-linux-gnu/libpango-1.0.so.0.4000.5
7fa6baa9f000-7fa6baaa0000 rw-p 0004b000 08:06 1057009                    /usr/lib/x86_64-linux-gnu/libpango-1.0.so.0.4000.5
7fa6baaa0000-7fa6babae000 r-xp 00000000 08:06 1056983                    /usr/lib/x86_64-linux-gnu/libcairo.so.2.11400.8
7fa6babae000-7fa6badae000 ---p 0010e000 08:06 1056983                    /usr/lib/x86_64-linux-gnu/libcairo.so.2.11400.8
7fa6badae000-7fa6badb1000 r--p 0010e000 08:06 1056983                    /usr/lib/x86_64-linux-gnu/libcairo.so.2.11400.8
7fa6badb1000-7fa6badb2000 rw-p 00111000 08:06 1056983                    /usr/lib/x86_64-linux-gnu/libcairo.so.2.11400.8
7fa6badb2000-7fa6badb4000 rw-p 00000000 00:00 0 
7fa6badb4000-7fa6badc0000 r-xp 00000000 08:06 1057019                    /usr/lib/x86_64-linux-gnu/libpangocairo-1.0.so.0.4000.5
7fa6badc0000-7fa6bafbf000 ---p 0000c000 08:06 1057019                    /usr/lib/x86_64-linux-gnu/libpangocairo-1.0.so.0.4000.5
7fa6bafbf000-7fa6bafc0000 r--p 0000b000 08:06 1057019                    /usr/lib/x86_64-linux-gnu/libpangocairo-1.0.so.0.4000.5
7fa6bafc0000-7fa6bafc1000 rw-p 0000c000 08:06 1057019                    /usr/lib/x86_64-linux-gnu/libpangocairo-1.0.so.0.4000.5
7fa6bafc1000-7fa6bafe3000 r-xp 00000000 08:06 1056966                    /usr/lib/x86_64-linux-gnu/libgdk_pixbuf-2.0.so.0.3600.5
7fa6bafe3000-7fa6bb1e3000 ---p 00022000 08:06 1056966                    /usr/lib/x86_64-linux-gnu/libgdk_pixbuf-2.0.so.0.3600.5
7fa6bb1e3000-7fa6bb1e4000 r--p 00022000 08:06 1056966                    /usr/lib/x86_64-linux-gnu/libgdk_pixbuf-2.0.so.0.3600.5
7fa6bb1e4000-7fa6bb1e5000 rw-p 00023000 08:06 1056966                    /usr/lib/x86_64-linux-gnu/libgdk_pixbuf-2.0.so.0.3600.5
7fa6bb1e5000-7fa6bb1f9000 r-xp 00000000 08:06 1057017                    /usr/lib/x86_64-linux-gnu/libpangoft2-1.0.so.0.4000.5
7fa6bb1f9000-7fa6bb3f9000 ---p 00014000 08:06 1057017                    /usr/lib/x86_64-linux-gnu/libpangoft2-1.0.so.0.4000.5
7fa6bb3f9000-7fa6bb3fa000 r--p 00014000 08:06 1057017                    /usr/lib/x86_64-linux-gnu/libpangoft2-1.0.so.0.4000.5
7fa6bb3fa000-7fa6bb3fb000 rw-p 00015000 08:06 1057017                    /usr/lib/x86_64-linux-gnu/libpangoft2-1.0.so.0.4000.5
7fa6bb3fb000-7fa6bb588000 r-xp 00000000 08:06 1056790                    /usr/lib/x86_64-linux-gnu/libgio-2.0.so.0.5000.3
7fa6bb588000-7fa6bb788000 ---p 0018d000 08:06 1056790                    /usr/lib/x86_64-linux-gnu/libgio-2.0.so.0.5000.3
7fa6bb788000-7fa6bb78d000 r--p 0018d000 08:06 1056790                    /usr/lib/x86_64-linux-gnu/libgio-2.0.so.0.5000.3
7fa6bb78d000-7fa6bb790000 rw-p 00192000 08:06 1056790                    /usr/lib/x86_64-linux-gnu/libgio-2.0.so.0.5000.3
7fa6bb790000-7fa6bb791000 rw-p 00000000 00:00 0 
7fa6bb791000-7fa6bb7b4000 r-xp 00000000 08:06 1057834                    /usr/lib/x86_64-linux-gnu/libatk-1.0.so.0.22209.1
7fa6bb7b4000-7fa6bb9b3000 ---p 00023000 08:06 1057834                    /usr/lib/x86_64-linux-gnu/libatk-1.0.so.0.22209.1
7fa6bb9b3000-7fa6bb9b6000 r--p 00022000 08:06 1057834                    /usr/lib/x86_64-linux-gnu/libatk-1.0.so.0.22209.1
7fa6bb9b6000-7fa6bb9b7000 rw-p 00025000 08:06 1057834                    /usr/lib/x86_64-linux-gnu/libatk-1.0.so.0.22209.1
7fa6bb9b7000-7fa6bbdf3000 r-xp 00000000 08:06 1059278                    /usr/lib/x86_64-linux-gnu/libgtk-x11-2.0.so.0.2400.31
7fa6bbdf3000-7fa6bbff2000 ---p 0043c000 08:06 1059278                    /usr/lib/x86_64-linux-gnu/libgtk-x11-2.0.so.0.2400.31
7fa6bbff2000-7fa6bbff9000 r--p 0043b000 08:06 1059278                    /usr/lib/x86_64-linux-gnu/libgtk-x11-2.0.so.0.2400.31
7fa6bbff9000-7fa6bbffd000 rw-p 00442000 08:06 1059278                    /usr/lib/x86_64-linux-gnu/libgtk-x11-2.0.so.0.2400.31
7fa6bbffd000-7fa6bc000000 rw-p 00000000 00:00 0 
7fa6bc000000-7fa6bc021000 rw-p 00000000 00:00 0 
7fa6bc021000-7fa6c0000000 ---p 00000000 00:00 0 
7fa6c0000000-7fa6c0021000 rw-p 00000000 00:00 0 
7fa6c0021000-7fa6c4000000 ---p 00000000 00:00 0 
7fa6c4000000-7fa6c4214000 rw-p 00000000 00:00 0 
7fa6c4214000-7fa6c8000000 ---p 00000000 00:00 0 
7fa6c8000000-7fa6c8569000 rw-p 00000000 00:00 0 
7fa6c8569000-7fa6cc000000 ---p 00000000 00:00 0 
7fa6cc000000-7fa6cc021000 rw-p 00000000 00:00 0 
7fa6cc021000-7fa6d0000000 ---p 00000000 00:00 0 
7fa6d0000000-7fa6d0021000 rw-p 00000000 00:00 0 
7fa6d0021000-7fa6d4000000 ---p 00000000 00:00 0 
7fa6d4000000-7fa6d4297000 rw-p 00000000 00:00 0 
7fa6d4297000-7fa6d8000000 ---p 00000000 00:00 0 
7fa6d8000000-7fa6d8021000 rw-p 00000000 00:00 0 
7fa6d8021000-7fa6dc000000 ---p 00000000 00:00 0 
7fa6dc000000-7fa6dc021000 rw-p 00000000 00:00 0 
7fa6dc021000-7fa6e0000000 ---p 00000000 00:00 0 
7fa6e0006000-7fa6e0012000 rw-s 00000000 00:05 85794                      /drm mm object (deleted)
7fa6e0012000-7fa6e0025000 r--p 00000000 08:06 1187257                    /usr/local/jdk1.8.0_161/jre/lib/fonts/LucidaBrightDemiItalic.ttf
7fa6e0025000-7fa6e005f000 r--p 00000000 08:06 1187260                    /usr/local/jdk1.8.0_161/jre/lib/fonts/LucidaTypewriterBold.ttf
7fa6e005f000-7fa6e0072000 r--p 00000000 08:06 1187261                    /usr/local/jdk1.8.0_161/jre/lib/fonts/LucidaBrightDemiBold.ttf
7fa6e0072000-7fa6e0077000 r--s 00084000 08:06 1187340                    /usr/local/jdk1.8.0_161/jre/lib/jfr.jar
7fa6e0077000-7fa6e0082000 r--s 00000000 08:06 1844188                    /var/cache/fontconfig/945677eb7aeaf62f1d50efc3fb3ec7d8-le64.cache-4
7fa6e0082000-7fa6e0083000 r--s 00000000 08:06 1844240                    /var/cache/fontconfig/4794a0821666d79190d59a36cb4f44b5-le64.cache-4
7fa6e0083000-7fa6e0089000 r--s 00000000 08:06 1844238                    /var/cache/fontconfig/3047814df9a2f067bd2d96a2b9c36e5a-le64.cache-4
7fa6e0089000-7fa6e008c000 r--s 00000000 08:06 1844237                    /var/cache/fontconfig/e49e89034d371f0f9de17aab02136486-le64.cache-4
7fa6e008c000-7fa6e008e000 r--s 00000000 08:06 1844190                    /var/cache/fontconfig/4b14b093aebc79c320de5e86ae1d3314-le64.cache-4
7fa6e008e000-7fa6e00a1000 r--s 00000000 08:06 1844236                    /var/cache/fontconfig/d52a8644073d54c13679302ca1180695-le64.cache-4
7fa6e00a1000-7fa6e00a9000 r--s 00000000 08:06 1844179                    /var/cache/fontconfig/f6f9ac12e8ac714f5ca3a6e896c53193-le64.cache-4
7fa6e00a9000-7fa6e00b5000 r--s 00000000 08:06 1844234                    /var/cache/fontconfig/d589a48862398ed80a3d6066f4f56f4c-le64.cache-4
7fa6e00b5000-7fa6e00bc000 r--s 00000000 08:06 1844232                    /var/cache/fontconfig/53d14c92082a93e67d5078324eb314ca-le64.cache-4
7fa6e00bc000-7fa6e00e4000 r--s 00000000 08:06 1844171                    /var/cache/fontconfig/cabbd14511b9e8a55e92af97fb3a0461-le64.cache-4
7fa6e00e4000-7fa6e00ec000 rw-s 00000000 00:05 85793                      /drm mm object (deleted)
7fa6e00ec000-7fa6e0112000 r--p 00000000 08:06 1059158                    /usr/share/locale/en_GB/LC_MESSAGES/gtk20-properties.mo
7fa6e0112000-7fa6e01c2000 r-xp 00000000 08:06 1059277                    /usr/lib/x86_64-linux-gnu/libgdk-x11-2.0.so.0.2400.31
7fa6e01c2000-7fa6e03c1000 ---p 000b0000 08:06 1059277                    /usr/lib/x86_64-linux-gnu/libgdk-x11-2.0.so.0.2400.31
7fa6e03c1000-7fa6e03c5000 r--p 000af000 08:06 1059277                    /usr/lib/x86_64-linux-gnu/libgdk-x11-2.0.so.0.2400.31
7fa6e03c5000-7fa6e03c7000 rw-p 000b3000 08:06 1059277                    /usr/lib/x86_64-linux-gnu/libgdk-x11-2.0.so.0.2400.31
7fa6e03c7000-7fa6e03cb000 r--s 00000000 08:06 1844229                    /var/cache/fontconfig/246184dc75a16901ca37d96895904249-le64.cache-4
7fa6e03cb000-7fa6e03d3000 rw-s 00000000 00:05 85782                      /drm mm object (deleted)
7fa6e03d3000-7fa6e03e1000 r--p 00000000 08:06 1059159                    /usr/share/locale/en_GB/LC_MESSAGES/gtk20.mo
7fa6e03e1000-7fa6e03ed000 r-xp 00000000 08:06 1187296                    /usr/local/jdk1.8.0_161/jre/lib/amd64/libprism_es2.so
7fa6e03ed000-7fa6e05ec000 ---p 0000c000 08:06 1187296                    /usr/local/jdk1.8.0_161/jre/lib/amd64/libprism_es2.so
7fa6e05ec000-7fa6e05ed000 rw-p 0000b000 08:06 1187296                    /usr/local/jdk1.8.0_161/jre/lib/amd64/libprism_es2.so
7fa6e05ed000-7fa6e05f0000 ---p 00000000 00:00 0 
7fa6e05f0000-7fa6e06ee000 rw-p 00000000 00:00 0 
7fa6e06ee000-7fa6e0784000 r--s 01102000 08:06 2890463                    /usr/local/jdk1.8.0_161/jre/lib/ext/jfxrt.jar
7fa6e0784000-7fa6e0785000 ---p 00000000 00:00 0 
7fa6e0785000-7fa6e0885000 rw-p 00000000 00:00 0 
7fa6e0885000-7fa6e0888000 ---p 00000000 00:00 0 
7fa6e0888000-7fa6e0986000 rw-p 00000000 00:00 0 
7fa6e0986000-7fa6e0989000 ---p 00000000 00:00 0 
7fa6e0989000-7fa6e0a87000 rw-p 00000000 00:00 0 
7fa6e0a87000-7fa6e0a8a000 ---p 00000000 00:00 0 
7fa6e0a8a000-7fa6e0b88000 rw-p 00000000 00:00 0 
7fa6e0b88000-7fa6e0b8b000 ---p 00000000 00:00 0 
7fa6e0b8b000-7fa6e0c89000 rw-p 00000000 00:00 0 
7fa6e0c89000-7fa6e0e24000 r--p 00000000 08:06 1048870                    /usr/lib/locale/locale-archive
7fa6e0e24000-7fa6e0e27000 ---p 00000000 00:00 0 
7fa6e0e27000-7fa6e0f25000 rw-p 00000000 00:00 0 
7fa6e0f25000-7fa6e0f28000 ---p 00000000 00:00 0 
7fa6e0f28000-7fa6e1026000 rw-p 00000000 00:00 0 
7fa6e1026000-7fa6e1027000 ---p 00000000 00:00 0 
7fa6e1027000-7fa6e1a30000 rw-p 00000000 00:00 0 
7fa6e1a30000-7fa6e4000000 rw-p 00000000 00:00 0 
7fa6e4000000-7fa6e4021000 rw-p 00000000 00:00 0 
7fa6e4021000-7fa6e8000000 ---p 00000000 00:00 0 
7fa6e8000000-7fa6e8006000 r--s 002f8000 08:06 1187303                    /usr/local/jdk1.8.0_161/jre/lib/charsets.jar
7fa6e8006000-7fa6e81df000 r--s 03d64000 08:06 1187369                    /usr/local/jdk1.8.0_161/jre/lib/rt.jar
7fa6e81df000-7fa6e8255000 rw-p 00000000 00:00 0 
7fa6e8255000-7fa6e8432000 rw-p 00000000 00:00 0 
7fa6e8432000-7fa6e8433000 ---p 00000000 00:00 0 
7fa6e8433000-7fa6e8533000 rw-p 00000000 00:00 0 
7fa6e8533000-7fa6e8534000 ---p 00000000 00:00 0 
7fa6e8534000-7fa6e8634000 rw-p 00000000 00:00 0 
7fa6e8634000-7fa6e8648000 rw-p 00000000 00:00 0 
7fa6e8648000-7fa6e8772000 ---p 00000000 00:00 0 
7fa6e8772000-7fa6e877c000 rw-p 00000000 00:00 0 
7fa6e877c000-7fa6e8811000 ---p 00000000 00:00 0 
7fa6e8811000-7fa6e8822000 rw-p 00000000 00:00 0 
7fa6e8822000-7fa6e8bd2000 ---p 00000000 00:00 0 
7fa6e8bd2000-7fa6e8fb2000 rwxp 00000000 00:00 0 
7fa6e8fb2000-7fa6f7bd2000 ---p 00000000 00:00 0 
7fa6f7bd2000-7fa6f7bed000 r-xp 00000000 08:06 1187343                    /usr/local/jdk1.8.0_161/jre/lib/amd64/libzip.so
7fa6f7bed000-7fa6f7ded000 ---p 0001b000 08:06 1187343                    /usr/local/jdk1.8.0_161/jre/lib/amd64/libzip.so
7fa6f7ded000-7fa6f7dee000 rw-p 0001b000 08:06 1187343                    /usr/local/jdk1.8.0_161/jre/lib/amd64/libzip.so
7fa6f7dee000-7fa6f7df8000 r-xp 00000000 08:06 1179666                    /lib/x86_64-linux-gnu/libnss_files-2.24.so
7fa6f7df8000-7fa6f7ff8000 ---p 0000a000 08:06 1179666                    /lib/x86_64-linux-gnu/libnss_files-2.24.so
7fa6f7ff8000-7fa6f7ff9000 r--p 0000a000 08:06 1179666                    /lib/x86_64-linux-gnu/libnss_files-2.24.so
7fa6f7ff9000-7fa6f7ffa000 rw-p 0000b000 08:06 1179666                    /lib/x86_64-linux-gnu/libnss_files-2.24.so
7fa6f7ffa000-7fa6f8000000 rw-p 00000000 00:00 0 
7fa6f8000000-7fa6f83f4000 rw-p 00000000 00:00 0 
7fa6f83f4000-7fa6fc000000 ---p 00000000 00:00 0 
7fa6fc000000-7fa6fc002000 r--s 00000000 08:06 1844178                    /var/cache/fontconfig/62f91419b9ebdb6975e7e41ab6412357-le64.cache-4
7fa6fc002000-7fa6fc005000 r--s 00000000 08:06 1844168                    /var/cache/fontconfig/e13b20fdb08344e0e664864cc2ede53d-le64.cache-4
7fa6fc005000-7fa6fc075000 rw-p 00000000 00:00 0 
7fa6fc075000-7fa6fc089000 rw-p 00000000 00:00 0 
7fa6fc089000-7fa6fc1b3000 ---p 00000000 00:00 0 
7fa6fc1b3000-7fa6fc1be000 r-xp 00000000 08:06 1179668                    /lib/x86_64-linux-gnu/libnss_nis-2.24.so
7fa6fc1be000-7fa6fc3bd000 ---p 0000b000 08:06 1179668                    /lib/x86_64-linux-gnu/libnss_nis-2.24.so
7fa6fc3bd000-7fa6fc3be000 r--p 0000a000 08:06 1179668                    /lib/x86_64-linux-gnu/libnss_nis-2.24.so
7fa6fc3be000-7fa6fc3bf000 rw-p 0000b000 08:06 1179668                    /lib/x86_64-linux-gnu/libnss_nis-2.24.so
7fa6fc3bf000-7fa6fc3d3000 r-xp 00000000 08:06 1179663                    /lib/x86_64-linux-gnu/libnsl-2.24.so
7fa6fc3d3000-7fa6fc5d3000 ---p 00014000 08:06 1179663                    /lib/x86_64-linux-gnu/libnsl-2.24.so
7fa6fc5d3000-7fa6fc5d4000 r--p 00014000 08:06 1179663                    /lib/x86_64-linux-gnu/libnsl-2.24.so
7fa6fc5d4000-7fa6fc5d5000 rw-p 00015000 08:06 1179663                    /lib/x86_64-linux-gnu/libnsl-2.24.so
7fa6fc5d5000-7fa6fc5d7000 rw-p 00000000 00:00 0 
7fa6fc5d7000-7fa6fc5de000 r-xp 00000000 08:06 1179664                    /lib/x86_64-linux-gnu/libnss_compat-2.24.so
7fa6fc5de000-7fa6fc7dd000 ---p 00007000 08:06 1179664                    /lib/x86_64-linux-gnu/libnss_compat-2.24.so
7fa6fc7dd000-7fa6fc7de000 r--p 00006000 08:06 1179664                    /lib/x86_64-linux-gnu/libnss_compat-2.24.so
7fa6fc7de000-7fa6fc7df000 rw-p 00007000 08:06 1179664                    /lib/x86_64-linux-gnu/libnss_compat-2.24.so
7fa6fc7df000-7fa6fc80a000 r-xp 00000000 08:06 1187335                    /usr/local/jdk1.8.0_161/jre/lib/amd64/libjava.so
7fa6fc80a000-7fa6fca09000 ---p 0002b000 08:06 1187335                    /usr/local/jdk1.8.0_161/jre/lib/amd64/libjava.so
7fa6fca09000-7fa6fca0b000 rw-p 0002a000 08:06 1187335                    /usr/local/jdk1.8.0_161/jre/lib/amd64/libjava.so
7fa6fca0b000-7fa6fca18000 r-xp 00000000 08:06 1187315                    /usr/local/jdk1.8.0_161/jre/lib/amd64/libverify.so
7fa6fca18000-7fa6fcc18000 ---p 0000d000 08:06 1187315                    /usr/local/jdk1.8.0_161/jre/lib/amd64/libverify.so
7fa6fcc18000-7fa6fcc1a000 rw-p 0000d000 08:06 1187315                    /usr/local/jdk1.8.0_161/jre/lib/amd64/libverify.so
7fa6fcc1a000-7fa6fcc21000 r-xp 00000000 08:06 1179673                    /lib/x86_64-linux-gnu/librt-2.24.so
7fa6fcc21000-7fa6fce20000 ---p 00007000 08:06 1179673                    /lib/x86_64-linux-gnu/librt-2.24.so
7fa6fce20000-7fa6fce21000 r--p 00006000 08:06 1179673                    /lib/x86_64-linux-gnu/librt-2.24.so
7fa6fce21000-7fa6fce22000 rw-p 00007000 08:06 1179673                    /lib/x86_64-linux-gnu/librt-2.24.so
7fa6fce22000-7fa6fcf25000 r-xp 00000000 08:06 1179660                    /lib/x86_64-linux-gnu/libm-2.24.so
7fa6fcf25000-7fa6fd124000 ---p 00103000 08:06 1179660                    /lib/x86_64-linux-gnu/libm-2.24.so
7fa6fd124000-7fa6fd125000 r--p 00102000 08:06 1179660                    /lib/x86_64-linux-gnu/libm-2.24.so
7fa6fd125000-7fa6fd126000 rw-p 00103000 08:06 1179660                    /lib/x86_64-linux-gnu/libm-2.24.so
7fa6fd126000-7fa6fddff000 r-xp 00000000 08:06 2890455                    /usr/local/jdk1.8.0_161/jre/lib/amd64/server/libjvm.so
7fa6fddff000-7fa6fdffe000 ---p 00cd9000 08:06 2890455                    /usr/local/jdk1.8.0_161/jre/lib/amd64/server/libjvm.so
7fa6fdffe000-7fa6fe0d7000 rw-p 00cd8000 08:06 2890455                    /usr/local/jdk1.8.0_161/jre/lib/amd64/server/libjvm.so
7fa6fe0d7000-7fa6fe123000 rw-p 00000000 00:00 0 
7fa6fe123000-7fa6fe2b8000 r-xp 00000000 08:06 1179656                    /lib/x86_64-linux-gnu/libc-2.24.so
7fa6fe2b8000-7fa6fe4b8000 ---p 00195000 08:06 1179656                    /lib/x86_64-linux-gnu/libc-2.24.so
7fa6fe4b8000-7fa6fe4bc000 r--p 00195000 08:06 1179656                    /lib/x86_64-linux-gnu/libc-2.24.so
7fa6fe4bc000-7fa6fe4be000 rw-p 00199000 08:06 1179656                    /lib/x86_64-linux-gnu/libc-2.24.so
7fa6fe4be000-7fa6fe4c2000 rw-p 00000000 00:00 0 
7fa6fe4c2000-7fa6fe4c5000 r-xp 00000000 08:06 1179659                    /lib/x86_64-linux-gnu/libdl-2.24.so
7fa6fe4c5000-7fa6fe6c4000 ---p 00003000 08:06 1179659                    /lib/x86_64-linux-gnu/libdl-2.24.so
7fa6fe6c4000-7fa6fe6c5000 r--p 00002000 08:06 1179659                    /lib/x86_64-linux-gnu/libdl-2.24.so
7fa6fe6c5000-7fa6fe6c6000 rw-p 00003000 08:06 1179659                    /lib/x86_64-linux-gnu/libdl-2.24.so
7fa6fe6c6000-7fa6fe6dc000 r-xp 00000000 08:06 2890535                    /usr/local/jdk1.8.0_161/lib/amd64/jli/libjli.so
7fa6fe6dc000-7fa6fe8db000 ---p 00016000 08:06 2890535                    /usr/local/jdk1.8.0_161/lib/amd64/jli/libjli.so
7fa6fe8db000-7fa6fe8dc000 rw-p 00015000 08:06 2890535                    /usr/local/jdk1.8.0_161/lib/amd64/jli/libjli.so
7fa6fe8dc000-7fa6fe8f4000 r-xp 00000000 08:06 1179671                    /lib/x86_64-linux-gnu/libpthread-2.24.so
7fa6fe8f4000-7fa6feaf3000 ---p 00018000 08:06 1179671                    /lib/x86_64-linux-gnu/libpthread-2.24.so
7fa6feaf3000-7fa6feaf4000 r--p 00017000 08:06 1179671                    /lib/x86_64-linux-gnu/libpthread-2.24.so
7fa6feaf4000-7fa6feaf5000 rw-p 00018000 08:06 1179671                    /lib/x86_64-linux-gnu/libpthread-2.24.so
7fa6feaf5000-7fa6feaf9000 rw-p 00000000 00:00 0 
7fa6feaf9000-7fa6feb1c000 r-xp 00000000 08:06 1179651                    /lib/x86_64-linux-gnu/ld-2.24.so
7fa6feb1c000-7fa6feb1d000 r--s 00000000 08:06 1844239                    /var/cache/fontconfig/0bd3dc0958fa2205aaaa8ebb13e2872b-le64.cache-4
7fa6feb1d000-7fa6feb24000 r--s 00000000 08:06 1050850                    /usr/lib/x86_64-linux-gnu/gconv/gconv-modules.cache
7fa6feb24000-7fa6febe9000 rw-p 00000000 00:00 0 
7fa6febe9000-7fa6febfc000 rw-p 00000000 00:00 0 
7fa6febfc000-7fa6febff000 ---p 00000000 00:00 0 
7fa6febff000-7fa6fecff000 rw-p 00000000 00:00 0 
7fa6fecff000-7fa6fed00000 r--s 00000000 08:06 1844235                    /var/cache/fontconfig/3f7329c5293ffd510edef78f73874cfd-le64.cache-4
7fa6fed01000-7fa6fed02000 rw-s 00000000 00:05 85765                      /drm mm object (deleted)
7fa6fed02000-7fa6fed03000 rw-s 1062ba000 00:06 12521                     /dev/dri/card0
7fa6fed03000-7fa6fed0b000 rw-s 00000000 00:05 85763                      /drm mm object (deleted)
7fa6fed0b000-7fa6fed0c000 r--p 00000000 08:06 1054626                    /usr/share/locale/en_GB/LC_MESSAGES/libc.mo
7fa6fed0c000-7fa6fed0f000 r--s 00037000 08:07 800354                     /home/mundial/Documents/chefOeuvre/chefOeuvre/ivy.jar
7fa6fed0f000-7fa6fed17000 rw-s 00000000 08:06 2376805                    /tmp/hsperfdata_mundial/4074
7fa6fed17000-7fa6fed18000 rw-p 00000000 00:00 0 
7fa6fed18000-7fa6fed19000 ---p 00000000 00:00 0 
7fa6fed19000-7fa6fed1c000 rw-p 00000000 00:00 0 
7fa6fed1c000-7fa6fed1d000 r--p 00023000 08:06 1179651                    /lib/x86_64-linux-gnu/ld-2.24.so
7fa6fed1d000-7fa6fed1e000 rw-p 00024000 08:06 1179651                    /lib/x86_64-linux-gnu/ld-2.24.so
7fa6fed1e000-7fa6fed1f000 rw-p 00000000 00:00 0 
7fff5fce7000-7fff5fd08000 rw-p 00000000 00:00 0                          [stack]
7fff5fdae000-7fff5fdb0000 r--p 00000000 00:00 0                          [vvar]
7fff5fdb0000-7fff5fdb2000 r-xp 00000000 00:00 0                          [vdso]
ffffffffff600000-ffffffffff601000 r-xp 00000000 00:00 0                  [vsyscall]

VM Arguments:
jvm_args: -Dfile.encoding=UTF-8 
java_command: test.RadarViewTest
java_class_path (initial): /home/mundial/Documents/chefOeuvre/chefOeuvre/ivy.jar:/home/mundial/Documents/chefOeuvre/chefOeuvre/build/classes
Launcher Type: SUN_STANDARD

Environment Variables:
PATH=/usr/local/bin:/usr/bin:/bin:/usr/local/games:/usr/games
USERNAME=mundial
LD_LIBRARY_PATH=/usr/local/jdk1.8.0_161/jre/lib/amd64:/usr/local/jdk1.8.0_161/jre/lib/i386:
SHELL=/bin/bash
DISPLAY=:0

Signal Handlers:
SIGSEGV: [libjvm.so+0xad01e0], sa_mask[0]=11111111011111111101111111111110, sa_flags=SA_RESTART|SA_SIGINFO
SIGBUS: [libjvm.so+0xad01e0], sa_mask[0]=11111111011111111101111111111110, sa_flags=SA_RESTART|SA_SIGINFO
SIGFPE: [libjvm.so+0x927fb0], sa_mask[0]=11111111011111111101111111111110, sa_flags=SA_RESTART|SA_SIGINFO
SIGPIPE: SIG_IGN, sa_mask[0]=00000000000010000000000000000000, sa_flags=SA_RESTART
SIGXFSZ: [libjvm.so+0x927fb0], sa_mask[0]=11111111011111111101111111111110, sa_flags=SA_RESTART|SA_SIGINFO
SIGILL: [libjvm.so+0x927fb0], sa_mask[0]=11111111011111111101111111111110, sa_flags=SA_RESTART|SA_SIGINFO
SIGUSR1: SIG_DFL, sa_mask[0]=00000000000000000000000000000000, sa_flags=none
SIGUSR2: [libjvm.so+0x9297f0], sa_mask[0]=00100000000000000000000000000000, sa_flags=SA_RESTART|SA_SIGINFO
SIGHUP: [libjvm.so+0x92abf0], sa_mask[0]=11111111011111111101111111111110, sa_flags=SA_RESTART|SA_SIGINFO
SIGINT: SIG_IGN, sa_mask[0]=00000000000000000000000000000000, sa_flags=none
SIGTERM: [libjvm.so+0x92abf0], sa_mask[0]=11111111011111111101111111111110, sa_flags=SA_RESTART|SA_SIGINFO
SIGQUIT: [libjvm.so+0x92abf0], sa_mask[0]=11111111011111111101111111111110, sa_flags=SA_RESTART|SA_SIGINFO


---------------  S Y S T E M  ---------------

OS:PRETTY_NAME="Debian GNU/Linux 9 (stretch)"
NAME="Debian GNU/Linux"
VERSION_ID="9"
VERSION="9 (stretch)"
ID=debian
HOME_URL="https://www.debian.org/"
SUPPORT_URL="https://www.debian.org/support"
BUG_REPORT_URL="https://bugs.debian.org/"

uname:Linux 4.9.0-4-amd64 #1 SMP Debian 4.9.65-3+deb9u1 (2017-12-23) x86_64
libc:glibc 2.24 NPTL 2.24 
rlimit: STACK 8192k, CORE 0k, NPROC 15147, NOFILE 1048576, AS infinity
load average:24.60 9.87 4.69

/proc/meminfo:
MemTotal:        3900352 kB
MemFree:         1990792 kB
MemAvailable:    1905928 kB
Buffers:            1032 kB
Cached:           304328 kB
SwapCached:            0 kB
Active:          1493508 kB
Inactive:         290676 kB
Active(anon):    1479720 kB
Inactive(anon):   253232 kB
Active(file):      13788 kB
Inactive(file):    37444 kB
Unevictable:           0 kB
Mlocked:               0 kB
SwapTotal:             0 kB
SwapFree:              0 kB
Dirty:               132 kB
Writeback:          1532 kB
AnonPages:       1478916 kB
Mapped:            78732 kB
Shmem:            254036 kB
Slab:              52420 kB
SReclaimable:      21392 kB
SUnreclaim:        31028 kB
KernelStack:        7088 kB
PageTables:        28924 kB
NFS_Unstable:          0 kB
Bounce:                0 kB
WritebackTmp:          0 kB
CommitLimit:     1950176 kB
Committed_AS:    4321164 kB
VmallocTotal:   34359738367 kB
VmallocUsed:           0 kB
VmallocChunk:          0 kB
HardwareCorrupted:     0 kB
AnonHugePages:         0 kB
ShmemHugePages:        0 kB
ShmemPmdMapped:        0 kB
HugePages_Total:       0
HugePages_Free:        0
HugePages_Rsvd:        0
HugePages_Surp:        0
Hugepagesize:       2048 kB
DirectMap4k:       86272 kB
DirectMap2M:     3956736 kB


CPU:total 2 (initial active 2) (2 cores per cpu, 1 threads per core) family 6 model 42 stepping 7, cmov, cx8, fxsr, mmx, sse, sse2, sse3, ssse3, sse4.1, sse4.2, popcnt, clmul, tsc, tscinvbit

/proc/cpuinfo:
processor	: 0
vendor_id	: GenuineIntel
cpu family	: 6
model		: 42
model name	: Intel(R) Celeron(R) CPU B815 @ 1.60GHz
stepping	: 7
microcode	: 0x1b
cpu MHz		: 1096.777
cache size	: 2048 KB
physical id	: 0
siblings	: 2
core id		: 0
cpu cores	: 2
apicid		: 0
initial apicid	: 0
fpu		: yes
fpu_exception	: yes
cpuid level	: 13
wp		: yes
flags		: fpu vme de pse tsc msr pae mce cx8 apic sep mtrr pge mca cmov pat pse36 clflush dts acpi mmx fxsr sse sse2 ss ht tm pbe syscall nx rdtscp lm constant_tsc arch_perfmon pebs bts rep_good nopl xtopology nonstop_tsc aperfmperf eagerfpu pni pclmulqdq dtes64 monitor ds_cpl vmx est tm2 ssse3 cx16 xtpr pdcm pcid sse4_1 sse4_2 x2apic popcnt tsc_deadline_timer xsave lahf_lm epb tpr_shadow vnmi flexpriority ept vpid xsaveopt dtherm arat pln pts
bugs		:
bogomips	: 3192.86
clflush size	: 64
cache_alignment	: 64
address sizes	: 36 bits physical, 48 bits virtual
power management:

processor	: 1
vendor_id	: GenuineIntel
cpu family	: 6
model		: 42
model name	: Intel(R) Celeron(R) CPU B815 @ 1.60GHz
stepping	: 7
microcode	: 0x1b
cpu MHz		: 898.632
cache size	: 2048 KB
physical id	: 0
siblings	: 2
core id		: 1
cpu cores	: 2
apicid		: 2
initial apicid	: 2
fpu		: yes
fpu_exception	: yes
cpuid level	: 13
wp		: yes
flags		: fpu vme de pse tsc msr pae mce cx8 apic sep mtrr pge mca cmov pat pse36 clflush dts acpi mmx fxsr sse sse2 ss ht tm pbe syscall nx rdtscp lm constant_tsc arch_perfmon pebs bts rep_good nopl xtopology nonstop_tsc aperfmperf eagerfpu pni pclmulqdq dtes64 monitor ds_cpl vmx est tm2 ssse3 cx16 xtpr pdcm pcid sse4_1 sse4_2 x2apic popcnt tsc_deadline_timer xsave lahf_lm epb tpr_shadow vnmi flexpriority ept vpid xsaveopt dtherm arat pln pts
bugs		:
bogomips	: 3192.86
clflush size	: 64
cache_alignment	: 64
address sizes	: 36 bits physical, 48 bits virtual
power management:



Memory: 4k page, physical 3900352k(1990792k free), swap 0k(0k free)

vm_info: Java HotSpot(TM) 64-Bit Server VM (25.161-b12) for linux-amd64 JRE (1.8.0_161-b12), built on Dec 19 2017 16:12:43 by "java_re" with gcc 4.3.0 20080428 (Red Hat 4.3.0-8)

time: Tue Feb 27 13:14:06 2018
elapsed time: 140 seconds (0d 0h 2m 20s)

